#
# There is insufficient memory for the Java Runtime Environment to continue.
# Native memory allocation (mmap) failed to map 716177408 bytes for committing reserved memory.
# Possible reasons:
#   The system is out of physical RAM or swap space
#   In 32 bit mode, the process size limit was hit
# Possible solutions:
#   Reduce memory load on the system
#   Increase physical memory or swap space
#   Check if swap backing store is full
#   Use 64 bit Java on a 64 bit OS
#   Decrease Java heap size (-Xmx/-Xms)
#   Decrease number of Java threads
#   Decrease Java thread stack sizes (-Xss)
#   Set larger code cache with -XX:ReservedCodeCacheSize=
# This output file may be truncated or incomplete.
#
#  Out of Memory Error (os_linux.cpp:2630), pid=1261, tid=0x00007f47256d6700
#
# JRE version:  (8.0_111-b14) (build )
# Java VM: OpenJDK 64-Bit Server VM (25.111-b14 mixed mode linux-amd64 compressed oops)
# Failed to write core dump. Core dumps have been disabled. To enable core dumping, try "ulimit -c unlimited" before starting Java again
#

---------------  T H R E A D  ---------------

Current thread (0x00007f471c00d800):  JavaThread "Unknown thread" [_thread_in_vm, id=1268, stack(0x00007f47255d6000,0x00007f47256d7000)]

Stack: [0x00007f47255d6000,0x00007f47256d7000],  sp=0x00007f47256d5630,  free space=1021k
Native frames: (J=compiled Java code, j=interpreted, Vv=VM code, C=native code)
V  [libjvm.so+0xa64d2b]
V  [libjvm.so+0x4c2dac]
V  [libjvm.so+0x8b3ba0]
V  [libjvm.so+0x8ae01e]
V  [libjvm.so+0x9288f6]
V  [libjvm.so+0x9193d3]
V  [libjvm.so+0x2ad1b1]
V  [libjvm.so+0x8d8ec9]
V  [libjvm.so+0xa286f9]
V  [libjvm.so+0xa28942]
V  [libjvm.so+0x60d6af]
V  [libjvm.so+0xa0dcea]
V  [libjvm.so+0x687952]  JNI_CreateJavaVM+0x62
C  [libjli.so+0x2f2e]
C  [libjli.so+0x73dd]
C  [libpthread.so.0+0x770a]  start_thread+0xca


---------------  P R O C E S S  ---------------

Java Threads: ( => current thread )

Other Threads:

=>0x00007f471c00d800 (exited) JavaThread "Unknown thread" [_thread_in_vm, id=1268, stack(0x00007f47255d6000,0x00007f47256d7000)]

VM state:not at safepoint (not fully initialized)

VM Mutex/Monitor currently owned by a thread: None

GC Heap History (0 events):
No events

Deoptimization events (0 events):
No events

Internal exceptions (0 events):
No events

Events (0 events):
No events


Dynamic libraries:
00400000-00401000 r-xp 00000000 08:03 1057857                            /usr/lib/jvm/java-8-openjdk-amd64/jre/bin/java
00600000-00601000 r--p 00000000 08:03 1057857                            /usr/lib/jvm/java-8-openjdk-amd64/jre/bin/java
00601000-00602000 rw-p 00001000 08:03 1057857                            /usr/lib/jvm/java-8-openjdk-amd64/jre/bin/java
024d5000-024f6000 rw-p 00000000 00:00 0                                  [heap]
eab00000-100000000 rw-p 00000000 00:00 0 
7f470d000000-7f470d270000 rwxp 00000000 00:00 0 
7f470d270000-7f471c000000 ---p 00000000 00:00 0 
7f471c000000-7f471c035000 rw-p 00000000 00:00 0 
7f471c035000-7f4720000000 ---p 00000000 00:00 0 
7f4721a99000-7f4721bee000 ---p 00000000 00:00 0 
7f4721bee000-7f4721ca4000 rw-p 00000000 00:00 0 
7f4721ca4000-7f472205a000 ---p 00000000 00:00 0 
7f472205a000-7f4722062000 r-xp 00000000 08:03 1057676                    /usr/lib/jvm/java-8-openjdk-amd64/jre/lib/amd64/libzip.so
7f4722062000-7f4722261000 ---p 00008000 08:03 1057676                    /usr/lib/jvm/java-8-openjdk-amd64/jre/lib/amd64/libzip.so
7f4722261000-7f4722262000 r--p 00007000 08:03 1057676                    /usr/lib/jvm/java-8-openjdk-amd64/jre/lib/amd64/libzip.so
7f4722262000-7f4722263000 rw-p 00008000 08:03 1057676                    /usr/lib/jvm/java-8-openjdk-amd64/jre/lib/amd64/libzip.so
7f4722263000-7f472226e000 r-xp 00000000 08:03 2224054                    /lib/x86_64-linux-gnu/libnss_files-2.23.so
7f472226e000-7f472246d000 ---p 0000b000 08:03 2224054                    /lib/x86_64-linux-gnu/libnss_files-2.23.so
7f472246d000-7f472246e000 r--p 0000a000 08:03 2224054                    /lib/x86_64-linux-gnu/libnss_files-2.23.so
7f472246e000-7f472246f000 rw-p 0000b000 08:03 2224054                    /lib/x86_64-linux-gnu/libnss_files-2.23.so
7f472246f000-7f4722475000 rw-p 00000000 00:00 0 
7f4722475000-7f4722480000 r-xp 00000000 08:03 2224047                    /lib/x86_64-linux-gnu/libnss_nis-2.23.so
7f4722480000-7f472267f000 ---p 0000b000 08:03 2224047                    /lib/x86_64-linux-gnu/libnss_nis-2.23.so
7f472267f000-7f4722680000 r--p 0000a000 08:03 2224047                    /lib/x86_64-linux-gnu/libnss_nis-2.23.so
7f4722680000-7f4722681000 rw-p 0000b000 08:03 2224047                    /lib/x86_64-linux-gnu/libnss_nis-2.23.so
7f4722681000-7f4722697000 r-xp 00000000 08:03 2224045                    /lib/x86_64-linux-gnu/libnsl-2.23.so
7f4722697000-7f4722896000 ---p 00016000 08:03 2224045                    /lib/x86_64-linux-gnu/libnsl-2.23.so
7f4722896000-7f4722897000 r--p 00015000 08:03 2224045                    /lib/x86_64-linux-gnu/libnsl-2.23.so
7f4722897000-7f4722898000 rw-p 00016000 08:03 2224045                    /lib/x86_64-linux-gnu/libnsl-2.23.so
7f4722898000-7f472289a000 rw-p 00000000 00:00 0 
7f472289a000-7f47228a2000 r-xp 00000000 08:03 2223940                    /lib/x86_64-linux-gnu/libnss_compat-2.23.so
7f47228a2000-7f4722aa1000 ---p 00008000 08:03 2223940                    /lib/x86_64-linux-gnu/libnss_compat-2.23.so
7f4722aa1000-7f4722aa2000 r--p 00007000 08:03 2223940                    /lib/x86_64-linux-gnu/libnss_compat-2.23.so
7f4722aa2000-7f4722aa3000 rw-p 00008000 08:03 2223940                    /lib/x86_64-linux-gnu/libnss_compat-2.23.so
7f4722aa3000-7f4722ad0000 r-xp 00000000 08:03 1057613                    /usr/lib/jvm/java-8-openjdk-amd64/jre/lib/amd64/libjava.so
7f4722ad0000-7f4722ccf000 ---p 0002d000 08:03 1057613                    /usr/lib/jvm/java-8-openjdk-amd64/jre/lib/amd64/libjava.so
7f4722ccf000-7f4722cd0000 r--p 0002c000 08:03 1057613                    /usr/lib/jvm/java-8-openjdk-amd64/jre/lib/amd64/libjava.so
7f4722cd0000-7f4722cd2000 rw-p 0002d000 08:03 1057613                    /usr/lib/jvm/java-8-openjdk-amd64/jre/lib/amd64/libjava.so
7f4722cd2000-7f4722ce1000 r-xp 00000000 08:03 1057656                    /usr/lib/jvm/java-8-openjdk-amd64/jre/lib/amd64/libverify.so
7f4722ce1000-7f4722ee0000 ---p 0000f000 08:03 1057656                    /usr/lib/jvm/java-8-openjdk-amd64/jre/lib/amd64/libverify.so
7f4722ee0000-7f4722ee2000 r--p 0000e000 08:03 1057656                    /usr/lib/jvm/java-8-openjdk-amd64/jre/lib/amd64/libverify.so
7f4722ee2000-7f4722ee3000 rw-p 00010000 08:03 1057656                    /usr/lib/jvm/java-8-openjdk-amd64/jre/lib/amd64/libverify.so
7f4722ee3000-7f4722eea000 r-xp 00000000 08:03 2224070                    /lib/x86_64-linux-gnu/librt-2.23.so
7f4722eea000-7f47230e9000 ---p 00007000 08:03 2224070                    /lib/x86_64-linux-gnu/librt-2.23.so
7f47230e9000-7f47230ea000 r--p 00006000 08:03 2224070                    /lib/x86_64-linux-gnu/librt-2.23.so
7f47230ea000-7f47230eb000 rw-p 00007000 08:03 2224070                    /lib/x86_64-linux-gnu/librt-2.23.so
7f47230eb000-7f4723101000 r-xp 00000000 08:03 2224695                    /lib/x86_64-linux-gnu/libgcc_s.so.1
7f4723101000-7f4723300000 ---p 00016000 08:03 2224695                    /lib/x86_64-linux-gnu/libgcc_s.so.1
7f4723300000-7f4723301000 rw-p 00015000 08:03 2224695                    /lib/x86_64-linux-gnu/libgcc_s.so.1
7f4723301000-7f4723409000 r-xp 00000000 08:03 2224064                    /lib/x86_64-linux-gnu/libm-2.23.so
7f4723409000-7f4723608000 ---p 00108000 08:03 2224064                    /lib/x86_64-linux-gnu/libm-2.23.so
7f4723608000-7f4723609000 r--p 00107000 08:03 2224064                    /lib/x86_64-linux-gnu/libm-2.23.so
7f4723609000-7f472360a000 rw-p 00108000 08:03 2224064                    /lib/x86_64-linux-gnu/libm-2.23.so
7f472360a000-7f472377c000 r-xp 00000000 08:03 1046617                    /usr/lib/x86_64-linux-gnu/libstdc++.so.6.0.21
7f472377c000-7f472397c000 ---p 00172000 08:03 1046617                    /usr/lib/x86_64-linux-gnu/libstdc++.so.6.0.21
7f472397c000-7f4723986000 r--p 00172000 08:03 1046617                    /usr/lib/x86_64-linux-gnu/libstdc++.so.6.0.21
7f4723986000-7f4723988000 rw-p 0017c000 08:03 1046617                    /usr/lib/x86_64-linux-gnu/libstdc++.so.6.0.21
7f4723988000-7f472398c000 rw-p 00000000 00:00 0 
7f472398c000-7f47245db000 r-xp 00000000 08:03 1057677                    /usr/lib/jvm/java-8-openjdk-amd64/jre/lib/amd64/server/libjvm.so
7f47245db000-7f47247da000 ---p 00c4f000 08:03 1057677                    /usr/lib/jvm/java-8-openjdk-amd64/jre/lib/amd64/server/libjvm.so
7f47247da000-7f472486d000 r--p 00c4e000 08:03 1057677                    /usr/lib/jvm/java-8-openjdk-amd64/jre/lib/amd64/server/libjvm.so
7f472486d000-7f4724896000 rw-p 00ce1000 08:03 1057677                    /usr/lib/jvm/java-8-openjdk-amd64/jre/lib/amd64/server/libjvm.so
7f4724896000-7f47248c6000 rw-p 00000000 00:00 0 
7f47248c6000-7f47248de000 r-xp 00000000 08:03 2224086                    /lib/x86_64-linux-gnu/libpthread-2.23.so
7f47248de000-7f4724add000 ---p 00018000 08:03 2224086                    /lib/x86_64-linux-gnu/libpthread-2.23.so
7f4724add000-7f4724ade000 r--p 00017000 08:03 2224086                    /lib/x86_64-linux-gnu/libpthread-2.23.so
7f4724ade000-7f4724adf000 rw-p 00018000 08:03 2224086                    /lib/x86_64-linux-gnu/libpthread-2.23.so
7f4724adf000-7f4724ae3000 rw-p 00000000 00:00 0 
7f4724ae3000-7f4724ae6000 r-xp 00000000 08:03 2224090                    /lib/x86_64-linux-gnu/libdl-2.23.so
7f4724ae6000-7f4724ce5000 ---p 00003000 08:03 2224090                    /lib/x86_64-linux-gnu/libdl-2.23.so
7f4724ce5000-7f4724ce6000 r--p 00002000 08:03 2224090                    /lib/x86_64-linux-gnu/libdl-2.23.so
7f4724ce6000-7f4724ce7000 rw-p 00003000 08:03 2224090                    /lib/x86_64-linux-gnu/libdl-2.23.so
7f4724ce7000-7f4724d00000 r-xp 00000000 08:03 2226029                    /lib/x86_64-linux-gnu/libz.so.1.2.8
7f4724d00000-7f4724eff000 ---p 00019000 08:03 2226029                    /lib/x86_64-linux-gnu/libz.so.1.2.8
7f4724eff000-7f4724f00000 r--p 00018000 08:03 2226029                    /lib/x86_64-linux-gnu/libz.so.1.2.8
7f4724f00000-7f4724f01000 rw-p 00019000 08:03 2226029                    /lib/x86_64-linux-gnu/libz.so.1.2.8
7f4724f01000-7f47250c0000 r-xp 00000000 08:03 2224088                    /lib/x86_64-linux-gnu/libc-2.23.so
7f47250c0000-7f47252c0000 ---p 001bf000 08:03 2224088                    /lib/x86_64-linux-gnu/libc-2.23.so
7f47252c0000-7f47252c4000 r--p 001bf000 08:03 2224088                    /lib/x86_64-linux-gnu/libc-2.23.so
7f47252c4000-7f47252c6000 rw-p 001c3000 08:03 2224088                    /lib/x86_64-linux-gnu/libc-2.23.so
7f47252c6000-7f47252ca000 rw-p 00000000 00:00 0 
7f47252ca000-7f47252d7000 r-xp 00000000 08:03 1057654                    /usr/lib/jvm/java-8-openjdk-amd64/jre/lib/amd64/jli/libjli.so
7f47252d7000-7f47254d7000 ---p 0000d000 08:03 1057654                    /usr/lib/jvm/java-8-openjdk-amd64/jre/lib/amd64/jli/libjli.so
7f47254d7000-7f47254d8000 r--p 0000d000 08:03 1057654                    /usr/lib/jvm/java-8-openjdk-amd64/jre/lib/amd64/jli/libjli.so
7f47254d8000-7f47254d9000 rw-p 0000e000 08:03 1057654                    /usr/lib/jvm/java-8-openjdk-amd64/jre/lib/amd64/jli/libjli.so
7f47254d9000-7f47254ff000 r-xp 00000000 08:03 2224080                    /lib/x86_64-linux-gnu/ld-2.23.so
7f47255d6000-7f47255d9000 ---p 00000000 00:00 0 
7f47255d9000-7f47256dc000 rw-p 00000000 00:00 0 
7f47256f2000-7f47256fa000 rw-s 00000000 08:03 523390                     /tmp/hsperfdata_ayco/1261
7f47256fa000-7f47256fb000 rw-p 00000000 00:00 0 
7f47256fb000-7f47256fc000 r--p 00000000 00:00 0 
7f47256fc000-7f47256fe000 rw-p 00000000 00:00 0 
7f47256fe000-7f47256ff000 r--p 00025000 08:03 2224080                    /lib/x86_64-linux-gnu/ld-2.23.so
7f47256ff000-7f4725700000 rw-p 00026000 08:03 2224080                    /lib/x86_64-linux-gnu/ld-2.23.so
7f4725700000-7f4725701000 rw-p 00000000 00:00 0 
7ffe56ea3000-7ffe56ec6000 rw-p 00000000 00:00 0                          [stack]
7ffe56f0a000-7ffe56f0c000 r--p 00000000 00:00 0                          [vvar]
7ffe56f0c000-7ffe56f0e000 r-xp 00000000 00:00 0                          [vdso]
ffffffffff600000-ffffffffff601000 r-xp 00000000 00:00 0                  [vsyscall]

VM Arguments:
jvm_args: -Dnba.v2.conf.dir=/home/ayco/projects/nba/v2/import/conf -Dlog4j.configurationFile=/home/ayco/projects/nba/v2/import/conf/log4j2.xml -Dnba.v2.etl.logfile=/home/ayco/projects/nba/v2/import/log/geo-importer.log -Xms1024m -Xmx1024m -Dfile.encoding=UTF-8 
java_command: nl.naturalis.nba.etl.geo.GeoImporter
java_class_path (initial): /home/ayco/git/naturalis_data_api/nl.naturalis.nba.etl/build/main:/home/ayco/git/naturalis_data_api/nl.naturalis.nba.etl/build/test:/home/ayco/.ivy2/cache/org.apache.logging.log4j/log4j-api/jars/log4j-api-2.5.jar:/home/ayco/.ivy2/cache/org.osgi/org.osgi.core/jars/org.osgi.core-4.3.1.jar:/home/ayco/.ivy2/cache/org.apache.logging.log4j/log4j-core/jars/log4j-core-2.5.jar:/home/ayco/.ivy2/cache/com.lmax/disruptor/jars/disruptor-3.3.2.jar:/home/ayco/.ivy2/cache/org.yaml/snakeyaml/bundles/snakeyaml-1.15.jar:/home/ayco/.ivy2/cache/com.fasterxml.jackson.dataformat/jackson-dataformat-xml/bundles/jackson-dataformat-xml-2.6.3.jar:/home/ayco/.ivy2/cache/com.fasterxml.jackson.module/jackson-module-jaxb-annotations/bundles/jackson-module-jaxb-annotations-2.6.3.jar:/home/ayco/.ivy2/cache/org.codehaus.woodstox/stax2-api/bundles/stax2-api-3.1.4.jar:/home/ayco/.ivy2/cache/org.codehaus.woodstox/woodstox-core-asl/jars/woodstox-core-asl-4.3.0.jar:/home/ayco/.ivy2/cache/javax.xml.stream/stax-api/jars/stax-api-1.0-2.jar:/home/ayco/.ivy2/cache/org.fusesource.jansi/jansi/jars/jansi-1.11.jar:/home/ayco/.ivy2/cache/com.sun.mail/javax.mail/jars/javax.mail-1.5.4.jar:/home/ayco/.ivy2/cache/javax.activation/activation/jars/activation-1.1.jar:/home/ayco/.ivy2/cache/org.eclipse.persistence/javax.persistence/jars/javax.persistence-2.1.0.jar:/home/ayco/.ivy2/cache/org.jboss.spec.javax.jms/jboss-jms-api_1.1_spec/jars/jboss-jms-api_1.1_spec-1.0.1.Final.jar:/home/ayco/.ivy2/cache/org.apache.kafka/kafka-clients/jars/kafka-clients-0.9.0.0.jar:/home/ayco/.ivy2/cache/org.slf4j/slf4j-api/jars/slf4j-api-1.7.12.jar:/home/ayco/.ivy2/cache/org.xerial.snappy/snappy-java/bundles/snappy-java-1.1.1.7.jar:/home/ayco/.ivy2/cache/net.jpountz.lz4/lz4/jars/lz4-1.2.0.jar:/home/ayco/.ivy2/cache/org.zeromq/jeromq/jars/jeromq-0.3.5.jar:/home/ayco/.ivy2/cache/org.apache.commons/commons-compress/jars/commons-compress-1.10.jar:/home/ayco/.ivy2/cache/org.elasticsearch/elasticsearch/jars/elasticsearch
Launcher Type: SUN_STANDARD

Environment Variables:
JAVA_HOME=/usr/lib/jvm/java-8-openjdk-amd64
PATH=/home/ayco/bin:/usr/local/sbin:/usr/local/bin:/usr/sbin:/usr/bin:/sbin:/bin:/snap/bin:.:/home/ayco/programs/gradle-2.11/bin:/usr/lib/jvm/java-8-openjdk-amd64/bin:/opt/wildfly-8.2.1.Final/bin:/home/ayco/programs/apache-ant-1.9.6/bin:/home/ayco/programs/elasticsearch-2.3.3/bin:/home/ayco/programs/eclipse-jee-luna
SHELL=/bin/bash
DISPLAY=:0

Signal Handlers:
SIGSEGV: [libjvm.so+0xa65880], sa_mask[0]=11111111011111111101111111111110, sa_flags=SA_RESTART|SA_SIGINFO
SIGBUS: [libjvm.so+0xa65880], sa_mask[0]=11111111011111111101111111111110, sa_flags=SA_RESTART|SA_SIGINFO
SIGFPE: [libjvm.so+0x8af1c0], sa_mask[0]=11111111011111111101111111111110, sa_flags=SA_RESTART|SA_SIGINFO
SIGPIPE: [libjvm.so+0x8af1c0], sa_mask[0]=11111111011111111101111111111110, sa_flags=SA_RESTART|SA_SIGINFO
SIGXFSZ: [libjvm.so+0x8af1c0], sa_mask[0]=11111111011111111101111111111110, sa_flags=SA_RESTART|SA_SIGINFO
SIGILL: [libjvm.so+0x8af1c0], sa_mask[0]=11111111011111111101111111111110, sa_flags=SA_RESTART|SA_SIGINFO
SIGUSR1: SIG_DFL, sa_mask[0]=00000000000000000000000000000000, sa_flags=none
SIGUSR2: [libjvm.so+0x8af070], sa_mask[0]=00100000000000000000000000000000, sa_flags=SA_RESTART|SA_SIGINFO
SIGHUP: SIG_DFL, sa_mask[0]=00000000000000000000000000000000, sa_flags=none
SIGINT: SIG_IGN, sa_mask[0]=00000000000000000000000000000000, sa_flags=none
SIGTERM: SIG_DFL, sa_mask[0]=00000000000000000000000000000000, sa_flags=none
SIGQUIT: SIG_DFL, sa_mask[0]=00000000000000000000000000000000, sa_flags=none


---------------  S Y S T E M  ---------------

OS:DISTRIB_ID=Ubuntu
DISTRIB_RELEASE=16.04
DISTRIB_CODENAME=xenial
DISTRIB_DESCRIPTION="Ubuntu 16.04.1 LTS"

uname:Linux 4.4.0-47-generic #68-Ubuntu SMP Wed Oct 26 19:39:52 UTC 2016 x86_64
libc:glibc 2.23 NPTL 2.23 
rlimit: STACK 8192k, CORE 0k, NPROC 31575, NOFILE 65536, AS infinity
load average:0.28 0.45 0.44

/proc/meminfo:
MemTotal:        8129964 kB
MemFree:          160728 kB
MemAvailable:     243584 kB
Buffers:            8012 kB
Cached:           345540 kB
SwapCached:         1156 kB
Active:          6122672 kB
Inactive:        1415352 kB
Active(anon):    5987644 kB
Inactive(anon):  1308128 kB
Active(file):     135028 kB
Inactive(file):   107224 kB
Unevictable:          96 kB
Mlocked:              96 kB
SwapTotal:          9212 kB
SwapFree:              0 kB
Dirty:               256 kB
Writeback:             0 kB
AnonPages:       7185040 kB
Mapped:           236952 kB
Shmem:            109912 kB
Slab:             196700 kB
SReclaimable:     121808 kB
SUnreclaim:        74892 kB
KernelStack:       20240 kB
PageTables:        55840 kB
NFS_Unstable:          0 kB
Bounce:                0 kB
WritebackTmp:          0 kB
CommitLimit:     4074192 kB
Committed_AS:   12714492 kB
VmallocTotal:   34359738367 kB
VmallocUsed:           0 kB
VmallocChunk:          0 kB
HardwareCorrupted:     0 kB
AnonHugePages:   3543040 kB
CmaTotal:              0 kB
CmaFree:               0 kB
HugePages_Total:       0
HugePages_Free:        0
HugePages_Rsvd:        0
HugePages_Surp:        0
Hugepagesize:       2048 kB
DirectMap4k:      589264 kB
DirectMap2M:     7755776 kB


CPU:total 8 (4 cores per cpu, 2 threads per core) family 6 model 42 stepping 7, cmov, cx8, fxsr, mmx, sse, sse2, sse3, ssse3, sse4.1, sse4.2, popcnt, avx, aes, clmul, ht, tsc, tscinvbit

/proc/cpuinfo:
processor	: 0
vendor_id	: GenuineIntel
cpu family	: 6
model		: 42
model name	: Intel(R) Core(TM) i7-2760QM CPU @ 2.40GHz
stepping	: 7
microcode	: 0x29
cpu MHz		: 3199.968
cache size	: 6144 KB
physical id	: 0
siblings	: 8
core id		: 0
cpu cores	: 4
apicid		: 0
initial apicid	: 0
fpu		: yes
fpu_exception	: yes
cpuid level	: 13
wp		: yes
flags		: fpu vme de pse tsc msr pae mce cx8 apic sep mtrr pge mca cmov pat pse36 clflush dts acpi mmx fxsr sse sse2 ss ht tm pbe syscall nx rdtscp lm constant_tsc arch_perfmon pebs bts rep_good nopl xtopology nonstop_tsc aperfmperf eagerfpu pni pclmulqdq dtes64 monitor ds_cpl vmx smx est tm2 ssse3 cx16 xtpr pdcm pcid sse4_1 sse4_2 x2apic popcnt tsc_deadline_timer aes xsave avx lahf_lm epb tpr_shadow vnmi flexpriority ept vpid xsaveopt dtherm ida arat pln pts
bugs		:
bogomips	: 4789.50
clflush size	: 64
cache_alignment	: 64
address sizes	: 36 bits physical, 48 bits virtual
power management:

processor	: 1
vendor_id	: GenuineIntel
cpu family	: 6
model		: 42
model name	: Intel(R) Core(TM) i7-2760QM CPU @ 2.40GHz
stepping	: 7
microcode	: 0x29
cpu MHz		: 3203.156
cache size	: 6144 KB
physical id	: 0
siblings	: 8
core id		: 1
cpu cores	: 4
apicid		: 2
initial apicid	: 2
fpu		: yes
fpu_exception	: yes
cpuid level	: 13
wp		: yes
flags		: fpu vme de pse tsc msr pae mce cx8 apic sep mtrr pge mca cmov pat pse36 clflush dts acpi mmx fxsr sse sse2 ss ht tm pbe syscall nx rdtscp lm constant_tsc arch_perfmon pebs bts rep_good nopl xtopology nonstop_tsc aperfmperf eagerfpu pni pclmulqdq dtes64 monitor ds_cpl vmx smx est tm2 ssse3 cx16 xtpr pdcm pcid sse4_1 sse4_2 x2apic popcnt tsc_deadline_timer aes xsave avx lahf_lm epb tpr_shadow vnmi flexpriority ept vpid xsaveopt dtherm ida arat pln pts
bugs		:
bogomips	: 4789.50
clflush size	: 64
cache_alignment	: 64
address sizes	: 36 bits physical, 48 bits virtual
power management:

processor	: 2
vendor_id	: GenuineIntel
cpu family	: 6
model		: 42
model name	: Intel(R) Core(TM) i7-2760QM CPU @ 2.40GHz
stepping	: 7
microcode	: 0x29
cpu MHz		: 3199.968
cache size	: 6144 KB
physical id	: 0
siblings	: 8
core id		: 2
cpu cores	: 4
apicid		: 4
initial apicid	: 4
fpu		: yes
fpu_exception	: yes
cpuid level	: 13
wp		: yes
flags		: fpu vme de pse tsc msr pae mce cx8 apic sep mtrr pge mca cmov pat pse36 clflush dts acpi mmx fxsr sse sse2 ss ht tm pbe syscall nx rdtscp lm constant_tsc arch_perfmon pebs bts rep_good nopl xtopology nonstop_tsc aperfmperf eagerfpu pni pclmulqdq dtes64 monitor ds_cpl vmx smx est tm2 ssse3 cx16 xtpr pdcm pcid sse4_1 sse4_2 x2apic popcnt tsc_deadline_timer aes xsave avx lahf_lm epb tpr_shadow vnmi flexpriority ept vpid xsaveopt dtherm ida arat pln pts
bugs		:
bogomips	: 4789.50
clflush size	: 64
cache_alignment	: 64
address sizes	: 36 bits physical, 48 bits virtual
power management:

processor	: 3
vendor_id	: GenuineIntel
cpu family	: 6
model		: 42
model name	: Intel(R) Core(TM) i7-2760QM CPU @ 2.40GHz
stepping	: 7
microcode	: 0x29
cpu MHz		: 3199.968
cache size	: 6144 KB
physical id	: 0
siblings	: 8
core id		: 3
cpu cores	: 4
apicid		: 6
initial apicid	: 6
fpu		: yes
fpu_exception	: yes
cpuid level	: 13
wp		: yes
flags		: fpu vme de pse tsc msr pae mce cx8 apic sep mtrr pge mca cmov pat pse36 clflush dts acpi mmx fxsr sse sse2 ss ht tm pbe syscall nx rdtscp lm constant_tsc arch_perfmon pebs bts rep_good nopl xtopology nonstop_tsc aperfmperf eagerfpu pni pclmulqdq dtes64 monitor ds_cpl vmx smx est tm2 ssse3 cx16 xtpr pdcm pcid sse4_1 sse4_2 x2apic popcnt tsc_deadline_timer aes xsave avx lahf_lm epb tpr_shadow vnmi flexpriority ept vpid xsaveopt dtherm ida arat pln pts
bugs		:
bogomips	: 4789.50
clflush size	: 64
cache_alignment	: 64
address sizes	: 36 bits physical, 48 bits virtual
power management:

processor	: 4
vendor_id	: GenuineIntel
cpu family	: 6
model		: 42
model name	: Intel(R) Core(TM) i7-2760QM CPU @ 2.40GHz
stepping	: 7
microcode	: 0x29
cpu MHz		: 3199.968
cache size	: 6144 KB
physical id	: 0
siblings	: 8
core id		: 0
cpu cores	: 4
apicid		: 1
initial apicid	: 1
fpu		: yes
fpu_exception	: yes
cpuid level	: 13
wp		: yes
flags		: fpu vme de pse tsc msr pae mce cx8 apic sep mtrr pge mca cmov pat pse36 clflush dts acpi mmx fxsr sse sse2 ss ht tm pbe syscall nx rdtscp lm constant_tsc arch_perfmon pebs bts rep_good nopl xtopology nonstop_tsc aperfmperf eagerfpu pni pclmulqdq dtes64 monitor ds_cpl vmx smx est tm2 ssse3 cx16 xtpr pdcm pcid sse4_1 sse4_2 x2apic popcnt tsc_deadline_timer aes xsave avx lahf_lm epb tpr_shadow vnmi flexpriority ept vpid xsaveopt dtherm ida arat pln pts
bugs		:
bogomips	: 4789.50
clflush size	: 64
cache_alignment	: 64
address sizes	: 36 bits physical, 48 bits virtual
power management:

processor	: 5
vendor_id	: GenuineIntel
cpu family	: 6
model		: 42
model name	: Intel(R) Core(TM) i7-2760QM CPU @ 2.40GHz
stepping	: 7
microcode	: 0x29
cpu MHz		: 3249.937
cache size	: 6144 KB
physical id	: 0
siblings	: 8
core id		: 1
cpu cores	: 4
apicid		: 3
initial apicid	: 3
fpu		: yes
fpu_exception	: yes
cpuid level	: 13
wp		: yes
flags		: fpu vme de pse tsc msr pae mce cx8 apic sep mtrr pge mca cmov pat pse36 clflush dts acpi mmx fxsr sse sse2 ss ht tm pbe syscall nx rdtscp lm constant_tsc arch_perfmon pebs bts rep_good nopl xtopology nonstop_tsc aperfmperf eagerfpu pni pclmulqdq dtes64 monitor ds_cpl vmx smx est tm2 ssse3 cx16 xtpr pdcm pcid sse4_1 sse4_2 x2apic popcnt tsc_deadline_timer aes xsave avx lahf_lm epb tpr_shadow vnmi flexpriority ept vpid xsaveopt dtherm ida arat pln pts
bugs		:
bogomips	: 4789.50
clflush size	: 64
cache_alignment	: 64
address sizes	: 36 bits physical, 48 bits virtual
power management:

processor	: 6
vendor_id	: GenuineIntel
cpu family	: 6
model		: 42
model name	: Intel(R) Core(TM) i7-2760QM CPU @ 2.40GHz
stepping	: 7
microcode	: 0x29
cpu MHz		: 3199.968
cache size	: 6144 KB
physical id	: 0
siblings	: 8
core id		: 2
cpu cores	: 4
apicid		: 5
initial apicid	: 5
fpu		: yes
fpu_exception	: yes
cpuid level	: 13
wp		: yes
flags		: fpu vme de pse tsc msr pae mce cx8 apic sep mtrr pge mca cmov pat pse36 clflush dts acpi mmx fxsr sse sse2 ss ht tm pbe syscall nx rdtscp lm constant_tsc arch_perfmon pebs bts rep_good nopl xtopology nonstop_tsc aperfmperf eagerfpu pni pclmulqdq dtes64 monitor ds_cpl vmx smx est tm2 ssse3 cx16 xtpr pdcm pcid sse4_1 sse4_2 x2apic popcnt tsc_deadline_timer aes xsave avx lahf_lm epb tpr_shadow vnmi flexpriority ept vpid xsaveopt dtherm ida arat pln pts
bugs		:
bogomips	: 4789.50
clflush size	: 64
cache_alignment	: 64
address sizes	: 36 bits physical, 48 bits virtual
power management:

processor	: 7
vendor_id	: GenuineIntel
cpu family	: 6
model		: 42
model name	: Intel(R) Core(TM) i7-2760QM CPU @ 2.40GHz
stepping	: 7
microcode	: 0x29
cpu MHz		: 3199.968
cache size	: 6144 KB
physical id	: 0
siblings	: 8
core id		: 3
cpu cores	: 4
apicid		: 7
initial apicid	: 7
fpu		: yes
fpu_exception	: yes
cpuid level	: 13
wp		: yes
flags		: fpu vme de pse tsc msr pae mce cx8 apic sep mtrr pge mca cmov pat pse36 clflush dts acpi mmx fxsr sse sse2 ss ht tm pbe syscall nx rdtscp lm constant_tsc arch_perfmon pebs bts rep_good nopl xtopology nonstop_tsc aperfmperf eagerfpu pni pclmulqdq dtes64 monitor ds_cpl vmx smx est tm2 ssse3 cx16 xtpr pdcm pcid sse4_1 sse4_2 x2apic popcnt tsc_deadline_timer aes xsave avx lahf_lm epb tpr_shadow vnmi flexpriority ept vpid xsaveopt dtherm ida arat pln pts
bugs		:
bogomips	: 4789.50
clflush size	: 64
cache_alignment	: 64
address sizes	: 36 bits physical, 48 bits virtual
power management:



Memory: 4k page, physical 8129964k(160728k free), swap 9212k(0k free)

vm_info: OpenJDK 64-Bit Server VM (25.111-b14) for linux-amd64 JRE (1.8.0_111-8u111-b14-2ubuntu0.16.04.2-b14), built on Oct 27 2016 18:10:19 by "buildd" with gcc 5.4.0 20160609

time: Tue Dec  6 11:56:08 2016
elapsed time: 0 seconds (0d 0h 0m 0s)

