#
# There is insufficient memory for the Java Runtime Environment to continue.
# Native memory allocation (mmap) failed to map 309329920 bytes for committing reserved memory.
# Possible reasons:
#   The system is out of physical RAM or swap space
#   In 32 bit mode, the process size limit was hit
# Possible solutions:
#   Reduce memory load on the system
#   Increase physical memory or swap space
#   Check if swap backing store is full
#   Use 64 bit Java on a 64 bit OS
#   Decrease Java heap size (-Xmx/-Xms)
#   Decrease number of Java threads
#   Decrease Java thread stack sizes (-Xss)
#   Set larger code cache with -XX:ReservedCodeCacheSize=
# This output file may be truncated or incomplete.
#
#  Out of Memory Error (os_linux.cpp:2627), pid=13322, tid=140357274814208
#
# JRE version: Java(TM) SE Runtime Environment (8.0_66-b17) (build 1.8.0_66-b17)
# Java VM: Java HotSpot(TM) 64-Bit Server VM (25.66-b17 mixed mode linux-amd64 compressed oops)
# Failed to write core dump. Core dumps have been disabled. To enable core dumping, try "ulimit -c unlimited" before starting Java again
#

---------------  T H R E A D  ---------------

Current thread (0x00007fa7b0084800):  VMThread [stack: 0x00007fa77971c000,0x00007fa77981d000] [id=13337]

Stack: [0x00007fa77971c000,0x00007fa77981d000],  sp=0x00007fa77981b2a0,  free space=1020k
Native frames: (J=compiled Java code, j=interpreted, Vv=VM code, C=native code)
V  [libjvm.so+0xab9a1a]  VMError::report_and_die()+0x2ba
V  [libjvm.so+0x4f9e0b]  report_vm_out_of_memory(char const*, int, unsigned long, VMErrorType, char const*)+0x8b
V  [libjvm.so+0x91a8a3]  os::Linux::commit_memory_impl(char*, unsigned long, bool)+0x103
V  [libjvm.so+0x91adf9]  os::pd_commit_memory(char*, unsigned long, unsigned long, bool)+0x29
V  [libjvm.so+0x91510a]  os::commit_memory(char*, unsigned long, unsigned long, bool)+0x2a
V  [libjvm.so+0x9887a3]  PSVirtualSpace::expand_by(unsigned long)+0x53
V  [libjvm.so+0x979090]  PSOldGen::expand(unsigned long)+0x170
V  [libjvm.so+0x97929b]  PSOldGen::resize(unsigned long)+0x1cb
V  [libjvm.so+0x980f71]  PSParallelCompact::invoke_no_policy(bool)+0x991
V  [libjvm.so+0x9868cd]  PSScavenge::invoke()+0x1ad
V  [libjvm.so+0x93e500]  ParallelScavengeHeap::failed_mem_allocate(unsigned long)+0x70
V  [libjvm.so+0xabb437]  VM_ParallelGCFailedAllocation::doit()+0x97
V  [libjvm.so+0xac2e65]  VM_Operation::evaluate()+0x55
V  [libjvm.so+0xac123a]  VMThread::evaluate_operation(VM_Operation*)+0xba
V  [libjvm.so+0xac15be]  VMThread::loop()+0x1ce
V  [libjvm.so+0xac1a30]  VMThread::run()+0x70
V  [libjvm.so+0x91cc68]  java_start(Thread*)+0x108

VM_Operation (0x00007fa7b72b5490): ParallelGCFailedAllocation, mode: safepoint, requested by thread 0x00007fa7b000d800


---------------  P R O C E S S  ---------------

Java Threads: ( => current thread )
  0x00007fa7b00da800 JavaThread "Service Thread" daemon [_thread_blocked, id=13345, stack(0x00007fa778831000,0x00007fa778932000)]
  0x00007fa7b00cd800 JavaThread "C1 CompilerThread3" daemon [_thread_blocked, id=13344, stack(0x00007fa778932000,0x00007fa778a33000)]
  0x00007fa7b00cb000 JavaThread "C2 CompilerThread2" daemon [_thread_blocked, id=13343, stack(0x00007fa778a33000,0x00007fa778b34000)]
  0x00007fa7b00c9800 JavaThread "C2 CompilerThread1" daemon [_thread_blocked, id=13342, stack(0x00007fa778b34000,0x00007fa778c35000)]
  0x00007fa7b00c6800 JavaThread "C2 CompilerThread0" daemon [_thread_blocked, id=13341, stack(0x00007fa778c35000,0x00007fa778d36000)]
  0x00007fa7b00c5000 JavaThread "Signal Dispatcher" daemon [_thread_blocked, id=13340, stack(0x00007fa778d36000,0x00007fa778e37000)]
  0x00007fa7b008b800 JavaThread "Finalizer" daemon [_thread_blocked, id=13339, stack(0x00007fa77951a000,0x00007fa77961b000)]
  0x00007fa7b0089800 JavaThread "Reference Handler" daemon [_thread_blocked, id=13338, stack(0x00007fa77961b000,0x00007fa77971c000)]
  0x00007fa7b000d800 JavaThread "main" [_thread_blocked, id=13328, stack(0x00007fa7b71b6000,0x00007fa7b72b7000)]

Other Threads:
=>0x00007fa7b0084800 VMThread [stack: 0x00007fa77971c000,0x00007fa77981d000] [id=13337]
  0x00007fa7b00dd800 WatcherThread [stack: 0x00007fa778730000,0x00007fa778831000] [id=13346]

VM state:at safepoint (normal execution)

VM Mutex/Monitor currently owned by a thread:  ([mutex/lock_event])
[0x00007fa7b0009b20] ExpandHeap_lock - owner thread: 0x00007fa7b0084800
[0x00007fa7b000a1a0] Threads_lock - owner thread: 0x00007fa7b0084800
[0x00007fa7b000a6a0] Heap_lock - owner thread: 0x00007fa7b000d800

Heap:
 PSYoungGen      total 450048K, used 98695K [0x00000000d6a00000, 0x0000000100000000, 0x0000000100000000)
  eden space 226304K, 0% used [0x00000000d6a00000,0x00000000d6a00000,0x00000000e4700000)
  from space 223744K, 44% used [0x00000000f2580000,0x00000000f85e1d48,0x0000000100000000)
  to   space 225792K, 0% used [0x00000000e4700000,0x00000000e4700000,0x00000000f2380000)
 ParOldGen       total 614400K, used 614272K [0x0000000083e00000, 0x00000000a9600000, 0x00000000d6a00000)
  object space 614400K, 99% used [0x0000000083e00000,0x00000000a95e0390,0x00000000a9600000)
 Metaspace       used 22931K, capacity 23086K, committed 23552K, reserved 1069056K
  class space    used 2942K, capacity 2986K, committed 3072K, reserved 1048576K

Card table byte_map: [0x00007fa7a085e000,0x00007fa7a0c40000] byte_map_base: 0x00007fa7a043f000

Marking Bits: (ParMarkBitMap*) 0x00007fa7b668b020
 Begin Bits: [0x00007fa7801f0000, 0x00007fa7820f8000)
 End Bits:   [0x00007fa7820f8000, 0x00007fa784000000)

Polling page: 0x00007fa7b72d8000

CodeCache: size=245760Kb used=4772Kb max_used=4786Kb free=240987Kb
 bounds [0x00007fa7a1000000, 0x00007fa7a14c0000, 0x00007fa7b0000000]
 total_blobs=1908 nmethods=1455 adapters=366
 compilation: enabled

Compilation events (10 events):
Event: 3,410 Thread 0x00007fa7b00c6800 1451   !   4       sun.nio.cs.StreamDecoder::inReady (36 bytes)
Event: 3,411 Thread 0x00007fa7b00c6800 nmethod 1451 0x00007fa7a14a2710 code [0x00007fa7a14a2860, 0x00007fa7a14a2958]
Event: 6,992 Thread 0x00007fa7b00c9800 1452       4       sun.nio.cs.StreamDecoder::implRead (243 bytes)
Event: 7,000 Thread 0x00007fa7b00c9800 nmethod 1452 0x00007fa7a14a5dd0 code [0x00007fa7a14a5fc0, 0x00007fa7a14a6618]
Event: 11,090 Thread 0x00007fa7b00cb000 1453  s    4       java.lang.StringBuffer::toString (36 bytes)
Event: 11,094 Thread 0x00007fa7b00cb000 nmethod 1453 0x00007fa7a14aa4d0 code [0x00007fa7a14aa640, 0x00007fa7a14aabb8]
Event: 11,478 Thread 0x00007fa7b00cd800 1454 % !   3       nl.naturalis.nba.etl.MapMimeTypeCache::buildCache @ 64 (187 bytes)
Event: 11,480 Thread 0x00007fa7b00cd800 nmethod 1454% 0x00007fa7a14aadd0 code [0x00007fa7a14ab1c0, 0x00007fa7a14ad328]
Event: 11,511 Thread 0x00007fa7b00c6800 1455 % !   4       nl.naturalis.nba.etl.MapMimeTypeCache::buildCache @ 64 (187 bytes)
Event: 11,521 Thread 0x00007fa7b00c6800 nmethod 1455% 0x00007fa7a14a7e90 code [0x00007fa7a14a8060, 0x00007fa7a14a8b50]

GC Heap History (10 events):
Event: 6,715 GC heap after
Heap after GC invocations=10 (full 3):
 PSYoungGen      total 276480K, used 77727K [0x00000000d6a00000, 0x00000000fb200000, 0x0000000100000000)
  eden space 196608K, 0% used [0x00000000d6a00000,0x00000000d6a00000,0x00000000e2a00000)
  from space 79872K, 97% used [0x00000000e2a00000,0x00000000e75e7f58,0x00000000e7800000)
  to   space 143872K, 0% used [0x00000000f2580000,0x00000000f2580000,0x00000000fb200000)
 ParOldGen       total 370688K, used 191118K [0x0000000083e00000, 0x000000009a800000, 0x00000000d6a00000)
  object space 370688K, 51% used [0x0000000083e00000,0x000000008f8a3bc8,0x000000009a800000)
 Metaspace       used 22931K, capacity 23086K, committed 23552K, reserved 1069056K
  class space    used 2942K, capacity 2986K, committed 3072K, reserved 1048576K
}
Event: 7,492 GC heap before
{Heap before GC invocations=11 (full 3):
 PSYoungGen      total 276480K, used 274335K [0x00000000d6a00000, 0x00000000fb200000, 0x0000000100000000)
  eden space 196608K, 100% used [0x00000000d6a00000,0x00000000e2a00000,0x00000000e2a00000)
  from space 79872K, 97% used [0x00000000e2a00000,0x00000000e75e7f58,0x00000000e7800000)
  to   space 143872K, 0% used [0x00000000f2580000,0x00000000f2580000,0x00000000fb200000)
 ParOldGen       total 370688K, used 191118K [0x0000000083e00000, 0x000000009a800000, 0x00000000d6a00000)
  object space 370688K, 51% used [0x0000000083e00000,0x000000008f8a3bc8,0x000000009a800000)
 Metaspace       used 22931K, capacity 23086K, committed 23552K, reserved 1069056K
  class space    used 2942K, capacity 2986K, committed 3072K, reserved 1048576K
Event: 7,816 GC heap after
Heap after GC invocations=11 (full 3):
 PSYoungGen      total 399360K, used 143872K [0x00000000d6a00000, 0x00000000fff80000, 0x0000000100000000)
  eden space 255488K, 0% used [0x00000000d6a00000,0x00000000d6a00000,0x00000000e6380000)
  from space 143872K, 100% used [0x00000000f2580000,0x00000000fb200000,0x00000000fb200000)
  to   space 198656K, 0% used [0x00000000e6380000,0x00000000e6380000,0x00000000f2580000)
 ParOldGen       total 370688K, used 247118K [0x0000000083e00000, 0x000000009a800000, 0x00000000d6a00000)
  object space 370688K, 66% used [0x0000000083e00000,0x0000000092f53bc8,0x000000009a800000)
 Metaspace       used 22931K, capacity 23086K, committed 23552K, reserved 1069056K
  class space    used 2942K, capacity 2986K, committed 3072K, reserved 1048576K
}
Event: 8,726 GC heap before
{Heap before GC invocations=12 (full 3):
 PSYoungGen      total 399360K, used 399360K [0x00000000d6a00000, 0x00000000fff80000, 0x0000000100000000)
  eden space 255488K, 100% used [0x00000000d6a00000,0x00000000e6380000,0x00000000e6380000)
  from space 143872K, 100% used [0x00000000f2580000,0x00000000fb200000,0x00000000fb200000)
  to   space 198656K, 0% used [0x00000000e6380000,0x00000000e6380000,0x00000000f2580000)
 ParOldGen       total 370688K, used 247118K [0x0000000083e00000, 0x000000009a800000, 0x00000000d6a00000)
  object space 370688K, 66% used [0x0000000083e00000,0x0000000092f53bc8,0x000000009a800000)
 Metaspace       used 22931K, capacity 23086K, committed 23552K, reserved 1069056K
  class space    used 2942K, capacity 2986K, committed 3072K, reserved 1048576K
Event: 9,116 GC heap after
Heap after GC invocations=12 (full 3):
 PSYoungGen      total 454144K, used 198656K [0x00000000d6a00000, 0x0000000100000000, 0x0000000100000000)
  eden space 255488K, 0% used [0x00000000d6a00000,0x00000000d6a00000,0x00000000e6380000)
  from space 198656K, 100% used [0x00000000e6380000,0x00000000f2580000,0x00000000f2580000)
  to   space 223744K, 0% used [0x00000000f2580000,0x00000000f2580000,0x0000000100000000)
 ParOldGen       total 370688K, used 351854K [0x0000000083e00000, 0x000000009a800000, 0x00000000d6a00000)
  object space 370688K, 94% used [0x0000000083e00000,0x000000009959bbc8,0x000000009a800000)
 Metaspace       used 22931K, capacity 23086K, committed 23552K, reserved 1069056K
  class space    used 2942K, capacity 2986K, committed 3072K, reserved 1048576K
}
Event: 9,116 GC heap before
{Heap before GC invocations=13 (full 4):
 PSYoungGen      total 454144K, used 198656K [0x00000000d6a00000, 0x0000000100000000, 0x0000000100000000)
  eden space 255488K, 0% used [0x00000000d6a00000,0x00000000d6a00000,0x00000000e6380000)
  from space 198656K, 100% used [0x00000000e6380000,0x00000000f2580000,0x00000000f2580000)
  to   space 223744K, 0% used [0x00000000f2580000,0x00000000f2580000,0x0000000100000000)
 ParOldGen       total 370688K, used 351854K [0x0000000083e00000, 0x000000009a800000, 0x00000000d6a00000)
  object space 370688K, 94% used [0x0000000083e00000,0x000000009959bbc8,0x000000009a800000)
 Metaspace       used 22931K, capacity 23086K, committed 23552K, reserved 1069056K
  class space    used 2942K, capacity 2986K, committed 3072K, reserved 1048576K
Event: 10,833 GC heap after
Heap after GC invocations=13 (full 4):
 PSYoungGen      total 454144K, used 178971K [0x00000000d6a00000, 0x0000000100000000, 0x0000000100000000)
  eden space 255488K, 0% used [0x00000000d6a00000,0x00000000d6a00000,0x00000000e6380000)
  from space 198656K, 90% used [0x00000000e6380000,0x00000000f1246cd8,0x00000000f2580000)
  to   space 223744K, 0% used [0x00000000f2580000,0x00000000f2580000,0x0000000100000000)
 ParOldGen       total 614400K, used 370664K [0x0000000083e00000, 0x00000000a9600000, 0x00000000d6a00000)
  object space 614400K, 60% used [0x0000000083e00000,0x000000009a7fa050,0x00000000a9600000)
 Metaspace       used 22931K, capacity 23086K, committed 23552K, reserved 1069056K
  class space    used 2942K, capacity 2986K, committed 3072K, reserved 1048576K
}
Event: 11,686 GC heap before
{Heap before GC invocations=14 (full 4):
 PSYoungGen      total 454144K, used 434459K [0x00000000d6a00000, 0x0000000100000000, 0x0000000100000000)
  eden space 255488K, 100% used [0x00000000d6a00000,0x00000000e6380000,0x00000000e6380000)
  from space 198656K, 90% used [0x00000000e6380000,0x00000000f1246cd8,0x00000000f2580000)
  to   space 223744K, 0% used [0x00000000f2580000,0x00000000f2580000,0x0000000100000000)
 ParOldGen       total 614400K, used 370664K [0x0000000083e00000, 0x00000000a9600000, 0x00000000d6a00000)
  object space 614400K, 60% used [0x0000000083e00000,0x000000009a7fa050,0x00000000a9600000)
 Metaspace       used 22931K, capacity 23086K, committed 23552K, reserved 1069056K
  class space    used 2942K, capacity 2986K, committed 3072K, reserved 1048576K
Event: 11,942 GC heap after
Heap after GC invocations=14 (full 4):
 PSYoungGen      total 450048K, used 223744K [0x00000000d6a00000, 0x0000000100000000, 0x0000000100000000)
  eden space 226304K, 0% used [0x00000000d6a00000,0x00000000d6a00000,0x00000000e4700000)
  from space 223744K, 100% used [0x00000000f2580000,0x0000000100000000,0x0000000100000000)
  to   space 225792K, 0% used [0x00000000e4700000,0x00000000e4700000,0x00000000f2380000)
 ParOldGen       total 614400K, used 489944K [0x0000000083e00000, 0x00000000a9600000, 0x00000000d6a00000)
  object space 614400K, 79% used [0x0000000083e00000,0x00000000a1c76050,0x00000000a9600000)
 Metaspace       used 22931K, capacity 23086K, committed 23552K, reserved 1069056K
  class space    used 2942K, capacity 2986K, committed 3072K, reserved 1048576K
}
Event: 11,942 GC heap before
{Heap before GC invocations=15 (full 5):
 PSYoungGen      total 450048K, used 223744K [0x00000000d6a00000, 0x0000000100000000, 0x0000000100000000)
  eden space 226304K, 0% used [0x00000000d6a00000,0x00000000d6a00000,0x00000000e4700000)
  from space 223744K, 100% used [0x00000000f2580000,0x0000000100000000,0x0000000100000000)
  to   space 225792K, 0% used [0x00000000e4700000,0x00000000e4700000,0x00000000f2380000)
 ParOldGen       total 614400K, used 489944K [0x0000000083e00000, 0x00000000a9600000, 0x00000000d6a00000)
  object space 614400K, 79% used [0x0000000083e00000,0x00000000a1c76050,0x00000000a9600000)
 Metaspace       used 22931K, capacity 23086K, committed 23552K, reserved 1069056K
  class space    used 2942K, capacity 2986K, committed 3072K, reserved 1048576K

Deoptimization events (10 events):
Event: 2,113 Thread 0x00007fa7b000d800 Uncommon trap: reason=class_check action=maybe_recompile pc=0x00007fa7a14191d8 method=org.elasticsearch.common.util.BigArrays.grow(Lorg/elasticsearch/common/util/ByteArray;J)Lorg/elasticsearch/common/util/ByteArray; @ 2
Event: 2,114 Thread 0x00007fa7b000d800 Uncommon trap: reason=class_check action=maybe_recompile pc=0x00007fa7a14191d8 method=org.elasticsearch.common.util.BigArrays.grow(Lorg/elasticsearch/common/util/ByteArray;J)Lorg/elasticsearch/common/util/ByteArray; @ 2
Event: 2,114 Thread 0x00007fa7b000d800 Uncommon trap: reason=class_check action=maybe_recompile pc=0x00007fa7a14191d8 method=org.elasticsearch.common.util.BigArrays.grow(Lorg/elasticsearch/common/util/ByteArray;J)Lorg/elasticsearch/common/util/ByteArray; @ 2
Event: 2,114 Thread 0x00007fa7b000d800 Uncommon trap: reason=class_check action=maybe_recompile pc=0x00007fa7a14191d8 method=org.elasticsearch.common.util.BigArrays.grow(Lorg/elasticsearch/common/util/ByteArray;J)Lorg/elasticsearch/common/util/ByteArray; @ 2
Event: 2,192 Thread 0x00007fa7b0e48800 Uncommon trap: reason=unstable_if action=reinterpret pc=0x00007fa7a139de50 method=java.lang.ThreadLocal.get()Ljava/lang/Object; @ 11
Event: 2,220 Thread 0x00007fa7b000d800 Uncommon trap: reason=class_check action=maybe_recompile pc=0x00007fa7a1396448 method=java.util.zip.InflaterInputStream.read([BII)I @ 100
Event: 2,220 Thread 0x00007fa7b000d800 Uncommon trap: reason=class_check action=maybe_recompile pc=0x00007fa7a1396448 method=java.util.zip.InflaterInputStream.read([BII)I @ 100
Event: 2,220 Thread 0x00007fa7b000d800 Uncommon trap: reason=class_check action=maybe_recompile pc=0x00007fa7a1396448 method=java.util.zip.InflaterInputStream.read([BII)I @ 100
Event: 2,220 Thread 0x00007fa7b000d800 Uncommon trap: reason=class_check action=maybe_recompile pc=0x00007fa7a1396448 method=java.util.zip.InflaterInputStream.read([BII)I @ 100
Event: 11,476 Thread 0x00007fa7b000d800 Uncommon trap: reason=unstable_if action=reinterpret pc=0x00007fa7a149a7a8 method=nl.naturalis.nba.etl.MapMimeTypeCache.buildCache(Ljava/io/File;)I @ 92

Internal exceptions (10 events):
Event: 0,504 Thread 0x00007fa7b000d800 Exception <a 'java/lang/ArrayIndexOutOfBoundsException': 110> (0x00000000d7013380) thrown at [/HUDSON/workspace/8-2-build-linux-amd64/jdk8u66/4988/hotspot/src/share/vm/interpreter/interpreterRuntime.cpp, line 366]
Event: 0,505 Thread 0x00007fa7b000d800 Exception <a 'java/lang/ArrayIndexOutOfBoundsException': 40> (0x00000000d7014620) thrown at [/HUDSON/workspace/8-2-build-linux-amd64/jdk8u66/4988/hotspot/src/share/vm/interpreter/interpreterRuntime.cpp, line 366]
Event: 0,817 Thread 0x00007fa7b000d800 Implicit null exception at 0x00007fa7a11ad0f5 to 0x00007fa7a11ad46d
Event: 1,473 Thread 0x00007fa7b000d800 Exception <a 'java/lang/NoSuchFieldError': method resolution failed> (0x00000000d83321f0) thrown at [/HUDSON/workspace/8-2-build-linux-amd64/jdk8u66/4988/hotspot/src/share/vm/prims/methodHandles.cpp, line 1146]
Event: 1,475 Thread 0x00007fa7b000d800 Exception <a 'java/lang/NoSuchFieldError': method resolution failed> (0x00000000d833f8b0) thrown at [/HUDSON/workspace/8-2-build-linux-amd64/jdk8u66/4988/hotspot/src/share/vm/prims/methodHandles.cpp, line 1146]
Event: 1,493 Thread 0x00007fa704001000 Implicit null exception at 0x00007fa7a12fb932 to 0x00007fa7a12fbee5
Event: 1,493 Thread 0x00007fa7b0de3800 Implicit null exception at 0x00007fa7a12fb986 to 0x00007fa7a12fbe99
Event: 2,192 Thread 0x00007fa7b0e48800 Implicit null exception at 0x00007fa7a139dd8b to 0x00007fa7a139de3d
Event: 2,192 Thread 0x00007fa704001000 Exception <a 'java/lang/InterruptedException': sleep interrupted> (0x00000000d8910028) thrown at [/HUDSON/workspace/8-2-build-linux-amd64/jdk8u66/4988/hotspot/src/share/vm/prims/jvm.cpp, line 3215]
Event: 2,209 Thread 0x00007fa7b0924800 Exception <a 'java/lang/InterruptedException': sleep interrupted> (0x00000000d8c6f8c8) thrown at [/HUDSON/workspace/8-2-build-linux-amd64/jdk8u66/4988/hotspot/src/share/vm/prims/jvm.cpp, line 3215]

Events (10 events):
Event: 7,492 Executing VM operation: ParallelGCFailedAllocation
Event: 7,816 Executing VM operation: ParallelGCFailedAllocation done
Event: 8,726 Executing VM operation: ParallelGCFailedAllocation
Event: 10,833 Executing VM operation: ParallelGCFailedAllocation done
Event: 11,475 Thread 0x00007fa7b000d800 Uncommon trap: trap_request=0xffffff65 fr.pc=0x00007fa7a149a7a8
Event: 11,476 Thread 0x00007fa7b000d800 DEOPT PACKING pc=0x00007fa7a149a7a8 sp=0x00007fa7b72b5650
Event: 11,476 Thread 0x00007fa7b000d800 DEOPT UNPACKING pc=0x00007fa7a1005229 sp=0x00007fa7b72b5628 mode 2
Event: 11,522 Thread 0x00007fa7b000d800 DEOPT PACKING pc=0x00007fa7a14ac966 sp=0x00007fa7b72b5490
Event: 11,522 Thread 0x00007fa7b000d800 DEOPT UNPACKING pc=0x00007fa7a1047633 sp=0x00007fa7b72b5398 mode 0
Event: 11,686 Executing VM operation: ParallelGCFailedAllocation


Dynamic libraries:
00400000-00401000 r-xp 00000000 08:03 1049132                            /usr/lib/jvm/java-8-oracle/bin/java
00600000-00601000 rw-p 00000000 08:03 1049132                            /usr/lib/jvm/java-8-oracle/bin/java
00e66000-00e87000 rw-p 00000000 00:00 0                                  [heap]
83e00000-a9600000 rw-p 00000000 00:00 0 
bbd00000-d6a00000 ---p 00000000 00:00 0 
d6a00000-100000000 rw-p 00000000 00:00 0 
100000000-100300000 rw-p 00000000 00:00 0 
100300000-140000000 ---p 00000000 00:00 0 
7fa6f8000000-7fa6f8021000 rw-p 00000000 00:00 0 
7fa6f8021000-7fa6fc000000 ---p 00000000 00:00 0 
7fa6fc000000-7fa6fc021000 rw-p 00000000 00:00 0 
7fa6fc021000-7fa700000000 ---p 00000000 00:00 0 
7fa700000000-7fa700021000 rw-p 00000000 00:00 0 
7fa700021000-7fa704000000 ---p 00000000 00:00 0 
7fa704000000-7fa704021000 rw-p 00000000 00:00 0 
7fa704021000-7fa708000000 ---p 00000000 00:00 0 
7fa708000000-7fa708021000 rw-p 00000000 00:00 0 
7fa708021000-7fa70c000000 ---p 00000000 00:00 0 
7fa70c000000-7fa70c021000 rw-p 00000000 00:00 0 
7fa70c021000-7fa710000000 ---p 00000000 00:00 0 
7fa710000000-7fa710085000 rw-p 00000000 00:00 0 
7fa710085000-7fa714000000 ---p 00000000 00:00 0 
7fa714000000-7fa714021000 rw-p 00000000 00:00 0 
7fa714021000-7fa718000000 ---p 00000000 00:00 0 
7fa718000000-7fa718081000 rw-p 00000000 00:00 0 
7fa718081000-7fa71c000000 ---p 00000000 00:00 0 
7fa71c000000-7fa71c08d000 rw-p 00000000 00:00 0 
7fa71c08d000-7fa720000000 ---p 00000000 00:00 0 
7fa720000000-7fa720093000 rw-p 00000000 00:00 0 
7fa720093000-7fa724000000 ---p 00000000 00:00 0 
7fa724000000-7fa724081000 rw-p 00000000 00:00 0 
7fa724081000-7fa728000000 ---p 00000000 00:00 0 
7fa728000000-7fa728021000 rw-p 00000000 00:00 0 
7fa728021000-7fa72c000000 ---p 00000000 00:00 0 
7fa72c000000-7fa72c082000 rw-p 00000000 00:00 0 
7fa72c082000-7fa730000000 ---p 00000000 00:00 0 
7fa730000000-7fa730021000 rw-p 00000000 00:00 0 
7fa730021000-7fa734000000 ---p 00000000 00:00 0 
7fa734000000-7fa734021000 rw-p 00000000 00:00 0 
7fa734021000-7fa738000000 ---p 00000000 00:00 0 
7fa738000000-7fa738021000 rw-p 00000000 00:00 0 
7fa738021000-7fa73c000000 ---p 00000000 00:00 0 
7fa73c000000-7fa73c021000 rw-p 00000000 00:00 0 
7fa73c021000-7fa740000000 ---p 00000000 00:00 0 
7fa740000000-7fa740021000 rw-p 00000000 00:00 0 
7fa740021000-7fa744000000 ---p 00000000 00:00 0 
7fa744000000-7fa74408f000 rw-p 00000000 00:00 0 
7fa74408f000-7fa748000000 ---p 00000000 00:00 0 
7fa748000000-7fa748021000 rw-p 00000000 00:00 0 
7fa748021000-7fa74c000000 ---p 00000000 00:00 0 
7fa74c000000-7fa74c021000 rw-p 00000000 00:00 0 
7fa74c021000-7fa750000000 ---p 00000000 00:00 0 
7fa751956000-7fa751b57000 rw-p 00000000 00:00 0 
7fa751b57000-7fa751b5a000 ---p 00000000 00:00 0 
7fa751b5a000-7fa751c58000 rw-p 00000000 00:00 0 
7fa751c58000-7fa751c5b000 ---p 00000000 00:00 0 
7fa751c5b000-7fa751d59000 rw-p 00000000 00:00 0 
7fa751d59000-7fa751d5c000 ---p 00000000 00:00 0 
7fa751d5c000-7fa751e5a000 rw-p 00000000 00:00 0 
7fa751e5a000-7fa751e5d000 ---p 00000000 00:00 0 
7fa751e5d000-7fa751f5b000 rw-p 00000000 00:00 0 
7fa751f5b000-7fa751f5e000 ---p 00000000 00:00 0 
7fa751f5e000-7fa75205c000 rw-p 00000000 00:00 0 
7fa75205c000-7fa75205f000 ---p 00000000 00:00 0 
7fa75205f000-7fa75215d000 rw-p 00000000 00:00 0 
7fa75215d000-7fa752160000 ---p 00000000 00:00 0 
7fa752160000-7fa75225e000 rw-p 00000000 00:00 0 
7fa75225e000-7fa752261000 ---p 00000000 00:00 0 
7fa752261000-7fa75235f000 rw-p 00000000 00:00 0 
7fa75235f000-7fa752362000 ---p 00000000 00:00 0 
7fa752362000-7fa752460000 rw-p 00000000 00:00 0 
7fa752460000-7fa752463000 ---p 00000000 00:00 0 
7fa752463000-7fa752561000 rw-p 00000000 00:00 0 
7fa752561000-7fa752564000 ---p 00000000 00:00 0 
7fa752564000-7fa752662000 rw-p 00000000 00:00 0 
7fa752662000-7fa752665000 ---p 00000000 00:00 0 
7fa752665000-7fa752763000 rw-p 00000000 00:00 0 
7fa752763000-7fa752766000 ---p 00000000 00:00 0 
7fa752766000-7fa752864000 rw-p 00000000 00:00 0 
7fa752864000-7fa752867000 ---p 00000000 00:00 0 
7fa752867000-7fa752965000 rw-p 00000000 00:00 0 
7fa752965000-7fa752968000 ---p 00000000 00:00 0 
7fa752968000-7fa752a66000 rw-p 00000000 00:00 0 
7fa752a66000-7fa752a69000 ---p 00000000 00:00 0 
7fa752a69000-7fa752b67000 rw-p 00000000 00:00 0 
7fa752b67000-7fa752b6a000 ---p 00000000 00:00 0 
7fa752b6a000-7fa752c68000 rw-p 00000000 00:00 0 
7fa752c68000-7fa752c6b000 ---p 00000000 00:00 0 
7fa752c6b000-7fa752d69000 rw-p 00000000 00:00 0 
7fa752d69000-7fa752d6c000 ---p 00000000 00:00 0 
7fa752d6c000-7fa752e6a000 rw-p 00000000 00:00 0 
7fa752e6a000-7fa752e6d000 ---p 00000000 00:00 0 
7fa752e6d000-7fa75316b000 rw-p 00000000 00:00 0 
7fa75316b000-7fa75336b000 rw-p 00000000 00:00 0 
7fa75336b000-7fa75336e000 ---p 00000000 00:00 0 
7fa75336e000-7fa75366c000 rw-p 00000000 00:00 0 
7fa75366c000-7fa753671000 r--s 00096000 08:03 1065137                    /usr/lib/jvm/java-8-oracle/jre/lib/jsse.jar
7fa753671000-7fa753871000 rw-p 00000000 00:00 0 
7fa753871000-7fa753a71000 rw-p 00000000 00:00 0 
7fa753a71000-7fa753a8c000 r--s 001d2000 08:03 1065144                    /usr/lib/jvm/java-8-oracle/jre/lib/ext/nashorn.jar
7fa753a8c000-7fa753a94000 r-xp 00000000 08:03 1065281                    /usr/lib/jvm/java-8-oracle/jre/lib/amd64/libmanagement.so
7fa753a94000-7fa753c94000 ---p 00008000 08:03 1065281                    /usr/lib/jvm/java-8-oracle/jre/lib/amd64/libmanagement.so
7fa753c94000-7fa753c95000 rw-p 00008000 08:03 1065281                    /usr/lib/jvm/java-8-oracle/jre/lib/amd64/libmanagement.so
7fa753c95000-7fa753cf8000 r--s 00a3a000 08:04 8651518                    /home/ayco/.ivy2/cache/com.ibm.icu/icu4j/jars/icu4j-54.1.1.jar
7fa753cf8000-7fa753cff000 r--s 0003a000 08:04 8259096                    /home/ayco/.ivy2/cache/commons-codec/commons-codec/jars/commons-codec-1.9.jar
7fa753cff000-7fa754000000 rw-p 00000000 00:00 0 
7fa754000000-7fa75432f000 rw-p 00000000 00:00 0 
7fa75432f000-7fa758000000 ---p 00000000 00:00 0 
7fa758000000-7fa758021000 rw-p 00000000 00:00 0 
7fa758021000-7fa75c000000 ---p 00000000 00:00 0 
7fa75c000000-7fa75c532000 rw-p 00000000 00:00 0 
7fa75c532000-7fa760000000 ---p 00000000 00:00 0 
7fa760000000-7fa760367000 rw-p 00000000 00:00 0 
7fa760367000-7fa764000000 ---p 00000000 00:00 0 
7fa764000000-7fa764021000 rw-p 00000000 00:00 0 
7fa764021000-7fa768000000 ---p 00000000 00:00 0 
7fa768000000-7fa768379000 rw-p 00000000 00:00 0 
7fa768379000-7fa76c000000 ---p 00000000 00:00 0 
7fa76c000000-7fa76c021000 rw-p 00000000 00:00 0 
7fa76c021000-7fa770000000 ---p 00000000 00:00 0 
7fa770000000-7fa770021000 rw-p 00000000 00:00 0 
7fa770021000-7fa774000000 ---p 00000000 00:00 0 
7fa774000000-7fa77428c000 rw-p 00000000 00:00 0 
7fa77428c000-7fa778000000 ---p 00000000 00:00 0 
7fa778000000-7fa778003000 r--s 00033000 08:04 8651520                    /home/ayco/.ivy2/cache/com.googlecode.juniversalchardet/juniversalchardet/jars/juniversalchardet-1.0.3.jar
7fa778003000-7fa778005000 r--s 0000e000 08:04 8259094                    /home/ayco/.ivy2/cache/commons-logging/commons-logging/jars/commons-logging-1.2.jar
7fa778005000-7fa77800c000 r--s 00048000 08:04 8259092                    /home/ayco/.ivy2/cache/org.apache.httpcomponents/httpcore/jars/httpcore-4.4.jar
7fa77800c000-7fa778019000 r--s 000a3000 08:04 8259066                    /home/ayco/.ivy2/cache/org.apache.httpcomponents/httpclient/jars/httpclient-4.4.jar
7fa778019000-7fa77801d000 r--s 0002a000 08:04 8259060                    /home/ayco/.ivy2/cache/commons-io/commons-io/jars/commons-io-2.4.jar
7fa77801d000-7fa77801f000 r--s 00008000 08:04 8651688                    /home/ayco/.ivy2/cache/org.apache.commons/commons-csv/jars/commons-csv-1.2.jar
7fa77801f000-7fa778026000 r--s 0005d000 08:04 8651594                    /home/ayco/.ivy2/cache/org.apache.commons/commons-compress/jars/commons-compress-1.10.jar
7fa778026000-7fa77802a000 r--s 00037000 08:04 8651584                    /home/ayco/.ivy2/cache/org.zeromq/jeromq/jars/jeromq-0.3.5.jar
7fa77802a000-7fa77802c000 r--s 00027000 08:04 8651720                    /home/ayco/.ivy2/cache/net.jpountz.lz4/lz4/jars/lz4-1.2.0.jar
7fa77802c000-7fa77802f000 r--s 0008f000 08:04 8651714                    /home/ayco/.ivy2/cache/org.xerial.snappy/snappy-java/bundles/snappy-java-1.1.1.7.jar
7fa77802f000-7fa778030000 r--s 00007000 08:04 8260392                    /home/ayco/.ivy2/cache/org.slf4j/slf4j-api/jars/slf4j-api-1.7.12.jar
7fa778030000-7fa77803b000 r--s 00090000 08:04 8651551                    /home/ayco/.ivy2/cache/org.apache.kafka/kafka-clients/jars/kafka-clients-0.9.0.0.jar
7fa77803b000-7fa77803e000 r--s 00007000 08:04 8651548                    /home/ayco/.ivy2/cache/org.jboss.spec.javax.jms/jboss-jms-api_1.1_spec/jars/jboss-jms-api_1.1_spec-1.0.1.Final.jar
7fa77803e000-7fa778044000 r--s 00022000 08:04 8651545                    /home/ayco/.ivy2/cache/org.eclipse.persistence/javax.persistence/jars/javax.persistence-2.1.0.jar
7fa778044000-7fa77804d000 r--s 00086000 08:04 8651537                    /home/ayco/.ivy2/cache/com.sun.mail/javax.mail/jars/javax.mail-1.5.4.jar
7fa77804d000-7fa77804f000 r--s 0001a000 08:04 8651534                    /home/ayco/.ivy2/cache/org.fusesource.jansi/jansi/jars/jansi-1.11.jar
7fa77804f000-7fa778051000 r--s 00004000 08:04 8651700                    /home/ayco/.ivy2/cache/javax.xml.stream/stax-api/jars/stax-api-1.0-2.jar
7fa778051000-7fa778057000 r--s 00071000 08:04 8651532                    /home/ayco/.ivy2/cache/org.codehaus.woodstox/woodstox-core-asl/jars/woodstox-core-asl-4.3.0.jar
7fa778057000-7fa77805b000 r--s 00024000 08:04 8651695                    /home/ayco/.ivy2/cache/org.codehaus.woodstox/stax2-api/bundles/stax2-api-3.1.4.jar
7fa77805b000-7fa77805c000 r--s 00007000 08:04 8651692                    /home/ayco/.ivy2/cache/com.fasterxml.jackson.module/jackson-module-jaxb-annotations/bundles/jackson-module-jaxb-annotations-2.6.3.jar
7fa77805c000-7fa77805e000 r--s 00015000 08:04 8651530                    /home/ayco/.ivy2/cache/com.fasterxml.jackson.dataformat/jackson-dataformat-xml/bundles/jackson-dataformat-xml-2.6.3.jar
7fa77805e000-7fa778067000 r--s 00046000 08:04 8260390                    /home/ayco/.ivy2/cache/com.fasterxml.jackson.dataformat/jackson-dataformat-yaml/bundles/jackson-dataformat-yaml-2.6.3.jar
7fa778067000-7fa77806a000 r--s 00009000 08:04 8260391                    /home/ayco/.ivy2/cache/com.fasterxml.jackson.core/jackson-annotations/bundles/jackson-annotations-2.6.0.jar
7fa77806a000-7fa77807b000 r--s 0010d000 08:04 8260389                    /home/ayco/.ivy2/cache/com.fasterxml.jackson.core/jackson-databind/bundles/jackson-databind-2.6.3.jar
7fa77807b000-7fa77807f000 r--s 0003c000 08:04 8260388                    /home/ayco/.ivy2/cache/com.fasterxml.jackson.core/jackson-core/bundles/jackson-core-2.6.3.jar
7fa77807f000-7fa778082000 r--s 00011000 08:04 8651528                    /home/ayco/.ivy2/cache/com.lmax/disruptor/jars/disruptor-3.3.2.jar
7fa778082000-7fa77809a000 r--s 000f7000 08:04 8651499                    /home/ayco/.ivy2/cache/org.apache.logging.log4j/log4j-core/jars/log4j-core-2.5.jar
7fa77809a000-7fa7780a1000 r--s 0004f000 08:04 8651526                    /home/ayco/.ivy2/cache/org.osgi/org.osgi.core/jars/org.osgi.core-4.3.1.jar
7fa7780a1000-7fa7780a4000 r--s 00021000 08:04 8651495                    /home/ayco/.ivy2/cache/org.apache.logging.log4j/log4j-api/jars/log4j-api-2.5.jar
7fa7780a4000-7fa7780a5000 r--s 00003000 08:04 7734041                    /home/ayco/git/naturalis_data_api/nl.naturalis.nda.elasticsearch.dao/lib/geojson-jackson-1.2.jar
7fa7780a5000-7fa7780ab000 r--s 0002f000 08:04 7734044                    /home/ayco/git/naturalis_data_api/nl.naturalis.nda.elasticsearch.dao/lib/randomizedtesting-runner-2.1.3.jar
7fa7780ab000-7fa7780b7000 r--s 00617000 08:04 7734043                    /home/ayco/git/naturalis_data_api/nl.naturalis.nda.elasticsearch.dao/lib/lucene-test-framework-4.9.1.jar
7fa7780b7000-7fa7780bd000 r--s 00045000 08:04 7734042                    /home/ayco/git/naturalis_data_api/nl.naturalis.nda.elasticsearch.dao/lib/hamcrest-all-1.3.jar
7fa7780bd000-7fa7780c4000 r--s 00049000 08:04 7734040                    /home/ayco/git/naturalis_data_api/nl.naturalis.nda.elasticsearch.dao/lib/elasticsearch-1.3.4-tests.jar
7fa7780c4000-7fa7780c6000 r--s 00008000 08:04 8259098                    /home/ayco/.ivy2/cache/com.fasterxml.jackson.core/jackson-annotations/bundles/jackson-annotations-2.5.0.jar
7fa7780c6000-7fa7780d8000 r--s 00105000 08:04 8259072                    /home/ayco/.ivy2/cache/com.fasterxml.jackson.core/jackson-databind/bundles/jackson-databind-2.5.1.jar
7fa7780d8000-7fa7780dc000 r--s 000dc000 08:04 8259932                    /home/ayco/.ivy2/cache/net.java.dev.jna/jna/jars/jna-4.1.0.jar
7fa7780dc000-7fa7780e4000 r--s 00066000 08:04 8259930                    /home/ayco/.ivy2/cache/log4j/apache-log4j-extras/bundles/apache-log4j-extras-1.2.17.jar
7fa7780e4000-7fa7780ed000 r--s 0006f000 08:04 8259928                    /home/ayco/.ivy2/cache/log4j/log4j/bundles/log4j-1.2.17.jar
7fa7780ed000-7fa7780f1000 r--s 00018000 08:04 8259926                    /home/ayco/.ivy2/cache/com.github.spullara.mustache.java/compiler/bundles/compiler-0.8.13.jar
7fa7780f1000-7fa778102000 r--s 000b2000 08:04 8259924                    /home/ayco/.ivy2/cache/com.vividsolutions/jts/jars/jts-1.13.jar
7fa778102000-7fa778104000 r--s 0000e000 08:04 8259910                    /home/ayco/.ivy2/cache/com.twitter/jsr166e/jars/jsr166e-1.1.0.jar
7fa778104000-7fa778105000 r--s 0000c000 08:04 8259908                    /home/ayco/.ivy2/cache/commons-cli/commons-cli/jars/commons-cli-1.3.1.jar
7fa778105000-7fa778107000 r--s 00019000 08:04 8259906                    /home/ayco/.ivy2/cache/org.hdrhistogram/HdrHistogram/bundles/HdrHistogram-2.1.6.jar
7fa778107000-7fa778109000 r--s 0000b000 08:04 8259904                    /home/ayco/.ivy2/cache/com.tdunning/t-digest/jars/t-digest-3.0.jar
7fa778109000-7fa77810b000 r--s 00012000 08:04 8259902                    /home/ayco/.ivy2/cache/com.ning/compress-lzf/bundles/compress-lzf-1.0.2.jar
7fa77810b000-7fa778124000 r--s 0012c000 08:04 8259900                    /home/ayco/.ivy2/cache/io.netty/netty/bundles/netty-3.10.5.Final.jar
7fa778124000-7fa77812a000 r--s 0003c000 08:04 8259922                    /home/ayco/.ivy2/cache/org.yaml/snakeyaml/bundles/snakeyaml-1.15.jar
7fa77812a000-7fa778133000 r--s 00046000 08:04 8259712                    /home/ayco/.ivy2/cache/com.fasterxml.jackson.dataformat/jackson-dataformat-yaml/bundles/jackson-dataformat-yaml-2.6.2.jar
7fa778133000-7fa778135000 r--s 00011000 08:04 8259710                    /home/ayco/.ivy2/cache/com.fasterxml.jackson.dataformat/jackson-dataformat-smile/bundles/jackson-dataformat-smile-2.6.2.jar
7fa778135000-7fa778139000 r--s 0003c000 08:04 8259708                    /home/ayco/.ivy2/cache/com.fasterxml.jackson.core/jackson-core/bundles/jackson-core-2.6.2.jar
7fa778139000-7fa778149000 r--s 00088000 08:04 8259707                    /home/ayco/.ivy2/cache/joda-time/joda-time/jars/joda-time-2.8.2.jar
7fa778149000-7fa778160000 r--s 00100000 08:04 8259706                    /home/ayco/.ivy2/cache/com.carrotsearch/hppc/jars/hppc-0.7.1.jar
7fa778160000-7fa77818b000 r--s 001fc000 08:04 8259687                    /home/ayco/.ivy2/cache/com.google.guava/guava/bundles/guava-18.0.jar
7fa77818b000-7fa77818e000 r--s 00022000 08:04 8259920                    /home/ayco/.ivy2/cache/com.spatial4j/spatial4j/bundles/spatial4j-0.5.jar
7fa77818e000-7fa778192000 r--s 0002d000 08:04 8259918                    /home/ayco/.ivy2/cache/org.apache.lucene/lucene-spatial3d/jars/lucene-spatial3d-5.4.1.jar
7fa778192000-7fa778196000 r--s 0002c000 08:04 8259685                    /home/ayco/.ivy2/cache/org.apache.lucene/lucene-spatial/jars/lucene-spatial-5.4.1.jar
7fa778196000-7fa77819a000 r--s 00027000 08:04 8259916                    /home/ayco/.ivy2/cache/org.apache.lucene/lucene-misc/jars/lucene-misc-5.4.1.jar
7fa77819a000-7fa77819f000 r--s 00038000 08:04 8259681                    /home/ayco/.ivy2/cache/org.apache.lucene/lucene-suggest/jars/lucene-suggest-5.4.1.jar
7fa77819f000-7fa7781a4000 r--s 0003e000 08:04 8259914                    /home/ayco/.ivy2/cache/org.apache.lucene/lucene-sandbox/jars/lucene-sandbox-5.4.1.jar
7fa7781a4000-7fa7781ae000 r--s 00059000 08:04 8259679                    /home/ayco/.ivy2/cache/org.apache.lucene/lucene-queryparser/jars/lucene-queryparser-5.4.1.jar
7fa7781ae000-7fa7781b1000 r--s 00018000 08:04 8259912                    /home/ayco/.ivy2/cache/org.apache.lucene/lucene-grouping/jars/lucene-grouping-5.4.1.jar
7fa7781b1000-7fa7781b5000 r--s 0001a000 08:04 8259683                    /home/ayco/.ivy2/cache/org.apache.lucene/lucene-join/jars/lucene-join-5.4.1.jar
7fa7781b5000-7fa7781b9000 r--s 00020000 08:04 8259677                    /home/ayco/.ivy2/cache/org.apache.lucene/lucene-highlighter/jars/lucene-highlighter-5.4.1.jar
7fa7781b9000-7fa7781bf000 r--s 00037000 08:04 8259673                    /home/ayco/.ivy2/cache/org.apache.lucene/lucene-queries/jars/lucene-queries-5.4.1.jar
7fa7781bf000-7fa7781d1000 r--s 00170000 08:04 8259671                    /home/ayco/.ivy2/cache/org.apache.lucene/lucene-analyzers-common/jars/lucene-analyzers-common-5.4.1.jar
7fa7781d1000-7fa7781f9000 r--s 00218000 08:04 8259667                    /home/ayco/.ivy2/cache/org.apache.lucene/lucene-core/jars/lucene-core-5.4.1.jar
7fa7781f9000-7fa77820f000 r-xp 00000000 08:03 1065272                    /usr/lib/jvm/java-8-oracle/jre/lib/amd64/libnet.so
7fa77820f000-7fa77840f000 ---p 00016000 08:03 1065272                    /usr/lib/jvm/java-8-oracle/jre/lib/amd64/libnet.so
7fa77840f000-7fa778410000 rw-p 00016000 08:03 1065272                    /usr/lib/jvm/java-8-oracle/jre/lib/amd64/libnet.so
7fa778410000-7fa778421000 r-xp 00000000 08:03 1065276                    /usr/lib/jvm/java-8-oracle/jre/lib/amd64/libnio.so
7fa778421000-7fa778620000 ---p 00011000 08:03 1065276                    /usr/lib/jvm/java-8-oracle/jre/lib/amd64/libnio.so
7fa778620000-7fa778621000 rw-p 00010000 08:03 1065276                    /usr/lib/jvm/java-8-oracle/jre/lib/amd64/libnio.so
7fa778621000-7fa7786d0000 r--s 0083a000 08:04 8259665                    /home/ayco/.ivy2/cache/org.elasticsearch/elasticsearch/jars/elasticsearch-2.2.1.jar
7fa7786d0000-7fa778730000 r--s 00596000 08:04 8259080                    /home/ayco/.ivy2/cache/org.codehaus.groovy/groovy-all/jars/groovy-all-2.0.7.jar
7fa778730000-7fa778731000 ---p 00000000 00:00 0 
7fa778731000-7fa778831000 rw-p 00000000 00:00 0                          [stack:13346]
7fa778831000-7fa778834000 ---p 00000000 00:00 0 
7fa778834000-7fa778932000 rw-p 00000000 00:00 0                          [stack:13345]
7fa778932000-7fa778935000 ---p 00000000 00:00 0 
7fa778935000-7fa778a33000 rw-p 00000000 00:00 0                          [stack:13344]
7fa778a33000-7fa778a36000 ---p 00000000 00:00 0 
7fa778a36000-7fa778b34000 rw-p 00000000 00:00 0                          [stack:13343]
7fa778b34000-7fa778b37000 ---p 00000000 00:00 0 
7fa778b37000-7fa778c35000 rw-p 00000000 00:00 0                          [stack:13342]
7fa778c35000-7fa778c38000 ---p 00000000 00:00 0 
7fa778c38000-7fa778d36000 rw-p 00000000 00:00 0                          [stack:13341]
7fa778d36000-7fa778d39000 ---p 00000000 00:00 0 
7fa778d39000-7fa778e37000 rw-p 00000000 00:00 0                          [stack:13340]
7fa778e37000-7fa77951a000 r--p 00000000 08:03 1055516                    /usr/lib/locale/locale-archive
7fa77951a000-7fa77951d000 ---p 00000000 00:00 0 
7fa77951d000-7fa77961b000 rw-p 00000000 00:00 0                          [stack:13339]
7fa77961b000-7fa77961e000 ---p 00000000 00:00 0 
7fa77961e000-7fa77971c000 rw-p 00000000 00:00 0                          [stack:13338]
7fa77971c000-7fa77971d000 ---p 00000000 00:00 0 
7fa77971d000-7fa77c000000 rw-p 00000000 00:00 0                          [stack:13337]
7fa77c000000-7fa77c021000 rw-p 00000000 00:00 0 
7fa77c021000-7fa780000000 ---p 00000000 00:00 0 
7fa780000000-7fa780002000 r--s 00008000 08:04 8259090                    /home/ayco/.ivy2/cache/org.joda/joda-convert/jars/joda-convert-1.2.jar
7fa780002000-7fa780004000 r--s 00007000 08:04 8259675                    /home/ayco/.ivy2/cache/org.apache.lucene/lucene-memory/jars/lucene-memory-5.4.1.jar
7fa780004000-7fa78000c000 r--s 00062000 08:04 8259669                    /home/ayco/.ivy2/cache/org.apache.lucene/lucene-backward-codecs/jars/lucene-backward-codecs-5.4.1.jar
7fa78000c000-7fa780017000 r--s 00089000 08:04 8259078                    /home/ayco/.ivy2/cache/org.codehaus.janino/janino/jars/janino-2.6.1.jar
7fa780017000-7fa7801f0000 r--s 03d20000 08:03 1065087                    /usr/lib/jvm/java-8-oracle/jre/lib/rt.jar
7fa7801f0000-7fa784000000 rw-p 00000000 00:00 0 
7fa784000000-7fa784021000 rw-p 00000000 00:00 0 
7fa784021000-7fa788000000 ---p 00000000 00:00 0 
7fa788000000-7fa788021000 rw-p 00000000 00:00 0 
7fa788021000-7fa78c000000 ---p 00000000 00:00 0 
7fa78c000000-7fa78c021000 rw-p 00000000 00:00 0 
7fa78c021000-7fa790000000 ---p 00000000 00:00 0 
7fa790000000-7fa790021000 rw-p 00000000 00:00 0 
7fa790021000-7fa794000000 ---p 00000000 00:00 0 
7fa794000000-7fa794021000 rw-p 00000000 00:00 0 
7fa794021000-7fa798000000 ---p 00000000 00:00 0 
7fa798000000-7fa798021000 rw-p 00000000 00:00 0 
7fa798021000-7fa79c000000 ---p 00000000 00:00 0 
7fa79c000000-7fa79c021000 rw-p 00000000 00:00 0 
7fa79c021000-7fa7a0000000 ---p 00000000 00:00 0 
7fa7a0000000-7fa7a0001000 r--s 0000b000 08:04 8259714                    /home/ayco/.ivy2/cache/com.fasterxml.jackson.dataformat/jackson-dataformat-cbor/bundles/jackson-dataformat-cbor-2.6.2.jar
7fa7a0001000-7fa7a0003000 r--s 00018000 08:04 8259084                    /home/ayco/.ivy2/cache/javax.servlet/servlet-api/jars/servlet-api-2.5.jar
7fa7a0003000-7fa7a0005000 r--s 00005000 08:04 8259082                    /home/ayco/.ivy2/cache/org.apache.geronimo.specs/geronimo-jms_1.1_spec/jars/geronimo-jms_1.1_spec-1.0.jar
7fa7a0005000-7fa7a0007000 r--s 00006000 08:04 8259088                    /home/ayco/.ivy2/cache/org.codehaus.janino/commons-compiler/jars/commons-compiler-2.6.1.jar
7fa7a0007000-7fa7a0056000 rw-p 00000000 00:00 0 
7fa7a0056000-7fa7a0057000 ---p 00000000 00:00 0 
7fa7a0057000-7fa7a0157000 rw-p 00000000 00:00 0                          [stack:13336]
7fa7a0157000-7fa7a0158000 ---p 00000000 00:00 0 
7fa7a0158000-7fa7a0258000 rw-p 00000000 00:00 0                          [stack:13335]
7fa7a0258000-7fa7a0259000 ---p 00000000 00:00 0 
7fa7a0259000-7fa7a0359000 rw-p 00000000 00:00 0                          [stack:13334]
7fa7a0359000-7fa7a035a000 ---p 00000000 00:00 0 
7fa7a035a000-7fa7a045a000 rw-p 00000000 00:00 0                          [stack:13333]
7fa7a045a000-7fa7a045b000 ---p 00000000 00:00 0 
7fa7a045b000-7fa7a055b000 rw-p 00000000 00:00 0                          [stack:13332]
7fa7a055b000-7fa7a055c000 ---p 00000000 00:00 0 
7fa7a055c000-7fa7a065c000 rw-p 00000000 00:00 0                          [stack:13331]
7fa7a065c000-7fa7a065d000 ---p 00000000 00:00 0 
7fa7a065d000-7fa7a075d000 rw-p 00000000 00:00 0                          [stack:13330]
7fa7a075d000-7fa7a075e000 ---p 00000000 00:00 0 
7fa7a075e000-7fa7a098a000 rw-p 00000000 00:00 0                          [stack:13329]
7fa7a098a000-7fa7a0af4000 ---p 00000000 00:00 0 
7fa7a0af4000-7fa7a0c3f000 rw-p 00000000 00:00 0 
7fa7a0c3f000-7fa7a0c53000 rw-p 00000000 00:00 0 
7fa7a0c53000-7fa7a1000000 ---p 00000000 00:00 0 
7fa7a1000000-7fa7a14c0000 rwxp 00000000 00:00 0 
7fa7a14c0000-7fa7b0000000 ---p 00000000 00:00 0 
7fa7b0000000-7fa7b0ec3000 rw-p 00000000 00:00 0 
7fa7b0ec3000-7fa7b4000000 ---p 00000000 00:00 0 
7fa7b4000000-7fa7b4001000 r--s 00001000 08:04 8259704                    /home/ayco/.ivy2/cache/org.elasticsearch/securesm/jars/securesm-1.0.jar
7fa7b4001000-7fa7b4003000 r--s 0000e000 08:04 8259086                    /home/ayco/.ivy2/cache/javax.activation/activation/jars/activation-1.1.jar
7fa7b4003000-7fa7b400d000 r--s 0005f000 08:04 8259074                    /home/ayco/.ivy2/cache/ch.qos.logback/logback-core/jars/logback-core-1.1.2.jar
7fa7b400d000-7fa7b41d0000 rw-p 00000000 00:00 0 
7fa7b41d0000-7fa7b433a000 ---p 00000000 00:00 0 
7fa7b433a000-7fa7b4354000 r-xp 00000000 08:03 1065268                    /usr/lib/jvm/java-8-oracle/jre/lib/amd64/libzip.so
7fa7b4354000-7fa7b4554000 ---p 0001a000 08:03 1065268                    /usr/lib/jvm/java-8-oracle/jre/lib/amd64/libzip.so
7fa7b4554000-7fa7b4555000 rw-p 0001a000 08:03 1065268                    /usr/lib/jvm/java-8-oracle/jre/lib/amd64/libzip.so
7fa7b4555000-7fa7b4561000 r-xp 00000000 08:03 2224208                    /lib/x86_64-linux-gnu/libnss_files-2.21.so
7fa7b4561000-7fa7b4760000 ---p 0000c000 08:03 2224208                    /lib/x86_64-linux-gnu/libnss_files-2.21.so
7fa7b4760000-7fa7b4761000 r--p 0000b000 08:03 2224208                    /lib/x86_64-linux-gnu/libnss_files-2.21.so
7fa7b4761000-7fa7b4762000 rw-p 0000c000 08:03 2224208                    /lib/x86_64-linux-gnu/libnss_files-2.21.so
7fa7b4762000-7fa7b476d000 r-xp 00000000 08:03 2224219                    /lib/x86_64-linux-gnu/libnss_nis-2.21.so
7fa7b476d000-7fa7b496c000 ---p 0000b000 08:03 2224219                    /lib/x86_64-linux-gnu/libnss_nis-2.21.so
7fa7b496c000-7fa7b496d000 r--p 0000a000 08:03 2224219                    /lib/x86_64-linux-gnu/libnss_nis-2.21.so
7fa7b496d000-7fa7b496e000 rw-p 0000b000 08:03 2224219                    /lib/x86_64-linux-gnu/libnss_nis-2.21.so
7fa7b496e000-7fa7b4985000 r-xp 00000000 08:03 2224213                    /lib/x86_64-linux-gnu/libnsl-2.21.so
7fa7b4985000-7fa7b4b84000 ---p 00017000 08:03 2224213                    /lib/x86_64-linux-gnu/libnsl-2.21.so
7fa7b4b84000-7fa7b4b85000 r--p 00016000 08:03 2224213                    /lib/x86_64-linux-gnu/libnsl-2.21.so
7fa7b4b85000-7fa7b4b86000 rw-p 00017000 08:03 2224213                    /lib/x86_64-linux-gnu/libnsl-2.21.so
7fa7b4b86000-7fa7b4b88000 rw-p 00000000 00:00 0 
7fa7b4b88000-7fa7b4b90000 r-xp 00000000 08:03 2224209                    /lib/x86_64-linux-gnu/libnss_compat-2.21.so
7fa7b4b90000-7fa7b4d8f000 ---p 00008000 08:03 2224209                    /lib/x86_64-linux-gnu/libnss_compat-2.21.so
7fa7b4d8f000-7fa7b4d90000 r--p 00007000 08:03 2224209                    /lib/x86_64-linux-gnu/libnss_compat-2.21.so
7fa7b4d90000-7fa7b4d91000 rw-p 00008000 08:03 2224209                    /lib/x86_64-linux-gnu/libnss_compat-2.21.so
7fa7b4d91000-7fa7b4dbb000 r-xp 00000000 08:03 1065260                    /usr/lib/jvm/java-8-oracle/jre/lib/amd64/libjava.so
7fa7b4dbb000-7fa7b4fbb000 ---p 0002a000 08:03 1065260                    /usr/lib/jvm/java-8-oracle/jre/lib/amd64/libjava.so
7fa7b4fbb000-7fa7b4fbd000 rw-p 0002a000 08:03 1065260                    /usr/lib/jvm/java-8-oracle/jre/lib/amd64/libjava.so
7fa7b4fbd000-7fa7b4fca000 r-xp 00000000 08:03 1065267                    /usr/lib/jvm/java-8-oracle/jre/lib/amd64/libverify.so
7fa7b4fca000-7fa7b51ca000 ---p 0000d000 08:03 1065267                    /usr/lib/jvm/java-8-oracle/jre/lib/amd64/libverify.so
7fa7b51ca000-7fa7b51cc000 rw-p 0000d000 08:03 1065267                    /usr/lib/jvm/java-8-oracle/jre/lib/amd64/libverify.so
7fa7b51cc000-7fa7b51d3000 r-xp 00000000 08:03 2224206                    /lib/x86_64-linux-gnu/librt-2.21.so
7fa7b51d3000-7fa7b53d2000 ---p 00007000 08:03 2224206                    /lib/x86_64-linux-gnu/librt-2.21.so
7fa7b53d2000-7fa7b53d3000 r--p 00006000 08:03 2224206                    /lib/x86_64-linux-gnu/librt-2.21.so
7fa7b53d3000-7fa7b53d4000 rw-p 00007000 08:03 2224206                    /lib/x86_64-linux-gnu/librt-2.21.so
7fa7b53d4000-7fa7b54db000 r-xp 00000000 08:03 2224221                    /lib/x86_64-linux-gnu/libm-2.21.so
7fa7b54db000-7fa7b56da000 ---p 00107000 08:03 2224221                    /lib/x86_64-linux-gnu/libm-2.21.so
7fa7b56da000-7fa7b56db000 r--p 00106000 08:03 2224221                    /lib/x86_64-linux-gnu/libm-2.21.so
7fa7b56db000-7fa7b56dc000 rw-p 00107000 08:03 2224221                    /lib/x86_64-linux-gnu/libm-2.21.so
7fa7b56dc000-7fa7b639a000 r-xp 00000000 08:03 1189335                    /usr/lib/jvm/java-8-oracle/jre/lib/amd64/server/libjvm.so
7fa7b639a000-7fa7b6599000 ---p 00cbe000 08:03 1189335                    /usr/lib/jvm/java-8-oracle/jre/lib/amd64/server/libjvm.so
7fa7b6599000-7fa7b6672000 rw-p 00cbd000 08:03 1189335                    /usr/lib/jvm/java-8-oracle/jre/lib/amd64/server/libjvm.so
7fa7b6672000-7fa7b66b6000 rw-p 00000000 00:00 0 
7fa7b66b6000-7fa7b6876000 r-xp 00000000 08:03 2224222                    /lib/x86_64-linux-gnu/libc-2.21.so
7fa7b6876000-7fa7b6a76000 ---p 001c0000 08:03 2224222                    /lib/x86_64-linux-gnu/libc-2.21.so
7fa7b6a76000-7fa7b6a7a000 r--p 001c0000 08:03 2224222                    /lib/x86_64-linux-gnu/libc-2.21.so
7fa7b6a7a000-7fa7b6a7c000 rw-p 001c4000 08:03 2224222                    /lib/x86_64-linux-gnu/libc-2.21.so
7fa7b6a7c000-7fa7b6a80000 rw-p 00000000 00:00 0 
7fa7b6a80000-7fa7b6a83000 r-xp 00000000 08:03 2224218                    /lib/x86_64-linux-gnu/libdl-2.21.so
7fa7b6a83000-7fa7b6c82000 ---p 00003000 08:03 2224218                    /lib/x86_64-linux-gnu/libdl-2.21.so
7fa7b6c82000-7fa7b6c83000 r--p 00002000 08:03 2224218                    /lib/x86_64-linux-gnu/libdl-2.21.so
7fa7b6c83000-7fa7b6c84000 rw-p 00003000 08:03 2224218                    /lib/x86_64-linux-gnu/libdl-2.21.so
7fa7b6c84000-7fa7b6c99000 r-xp 00000000 08:03 1059352                    /usr/lib/jvm/java-8-oracle/lib/amd64/jli/libjli.so
7fa7b6c99000-7fa7b6e99000 ---p 00015000 08:03 1059352                    /usr/lib/jvm/java-8-oracle/lib/amd64/jli/libjli.so
7fa7b6e99000-7fa7b6e9a000 rw-p 00015000 08:03 1059352                    /usr/lib/jvm/java-8-oracle/lib/amd64/jli/libjli.so
7fa7b6e9a000-7fa7b6eb2000 r-xp 00000000 08:03 2224207                    /lib/x86_64-linux-gnu/libpthread-2.21.so
7fa7b6eb2000-7fa7b70b2000 ---p 00018000 08:03 2224207                    /lib/x86_64-linux-gnu/libpthread-2.21.so
7fa7b70b2000-7fa7b70b3000 r--p 00018000 08:03 2224207                    /lib/x86_64-linux-gnu/libpthread-2.21.so
7fa7b70b3000-7fa7b70b4000 rw-p 00019000 08:03 2224207                    /lib/x86_64-linux-gnu/libpthread-2.21.so
7fa7b70b4000-7fa7b70b8000 rw-p 00000000 00:00 0 
7fa7b70b8000-7fa7b70dc000 r-xp 00000000 08:03 2224216                    /lib/x86_64-linux-gnu/ld-2.21.so
7fa7b70dc000-7fa7b70e2000 r--s 00059000 08:04 8259076                    /home/ayco/.ivy2/cache/javax.mail/mail/jars/mail-1.4.jar
7fa7b70e2000-7fa7b70e8000 r--s 0003d000 08:04 8259044                    /home/ayco/.ivy2/cache/ch.qos.logback/logback-classic/jars/logback-classic-1.1.2.jar
7fa7b70e8000-7fa7b70e9000 r--s 00007000 08:04 8259040                    /home/ayco/.ivy2/cache/org.slf4j/slf4j-api/jars/slf4j-api-1.7.10.jar
7fa7b70e9000-7fa7b70eb000 r--s 00005000 08:04 9044553                    /home/ayco/.m2/repository/org/slf4j/slf4j-api/1.6.6/slf4j-api-1.6.6.jar
7fa7b70eb000-7fa7b71b6000 rw-p 00000000 00:00 0 
7fa7b71b6000-7fa7b71b9000 ---p 00000000 00:00 0 
7fa7b71b9000-7fa7b72bb000 rw-p 00000000 00:00 0                          [stack:13328]
7fa7b72bb000-7fa7b72bc000 r--s 00002000 08:04 9044556                    /home/ayco/.m2/repository/org/slf4j/slf4j-simple/1.6.6/slf4j-simple-1.6.6.jar
7fa7b72bc000-7fa7b72be000 r--s 00011000 08:04 9044550                    /home/ayco/.m2/repository/org/hamcrest/hamcrest-core/1.1/hamcrest-core-1.1.jar
7fa7b72be000-7fa7b72c5000 r--s 00037000 08:04 9044547                    /home/ayco/.m2/repository/junit/junit/4.10/junit-4.10.jar
7fa7b72c5000-7fa7b72c7000 r--s 0000c000 08:04 7345288                    /home/ayco/programs/eclipse-mars-jee/plugins/org.hamcrest.core_1.3.0.v201303031735.jar
7fa7b72c7000-7fa7b72cf000 r--s 00045000 08:04 8260754                    /home/ayco/programs/eclipse-mars-jee/plugins/org.junit_4.12.0.v201504281640/junit.jar
7fa7b72cf000-7fa7b72d7000 rw-s 00000000 08:03 392575                     /tmp/hsperfdata_ayco/13322
7fa7b72d7000-7fa7b72d8000 rw-p 00000000 00:00 0 
7fa7b72d8000-7fa7b72d9000 ---p 00000000 00:00 0 
7fa7b72d9000-7fa7b72db000 rw-p 00000000 00:00 0 
7fa7b72db000-7fa7b72dc000 r--p 00023000 08:03 2224216                    /lib/x86_64-linux-gnu/ld-2.21.so
7fa7b72dc000-7fa7b72dd000 rw-p 00024000 08:03 2224216                    /lib/x86_64-linux-gnu/ld-2.21.so
7fa7b72dd000-7fa7b72de000 rw-p 00000000 00:00 0 
7fffd8539000-7fffd855c000 rw-p 00000000 00:00 0                          [stack]
7fffd8591000-7fffd8593000 r--p 00000000 00:00 0                          [vvar]
7fffd8593000-7fffd8595000 r-xp 00000000 00:00 0                          [vdso]
ffffffffff600000-ffffffffff601000 r-xp 00000000 00:00 0                  [vsyscall]

VM Arguments:
jvm_args: -Dnba.v2.import.conf.dir=/home/ayco/projects/nba/v1/import/conf -Dfile.encoding=UTF-8 
java_command: nl.naturalis.nba.etl.NBAImportAll
java_class_path (initial): /home/ayco/git/naturalis_data_api/nl.naturalis.nba.etl/build/main:/home/ayco/git/naturalis_data_api/nl.naturalis.nba.etl/build/test:/home/ayco/git/naturalis_data_api/nl.naturalis.nda.elasticsearch.dao/build/main:/home/ayco/git/naturalis_data_api/nl.naturalis.nda.elasticsearch.dao/build/test:/home/ayco/git/org.domainobject.util/target/classes:/home/ayco/git/org.domainobject.util/target/test-classes:/home/ayco/programs/eclipse-mars-jee/plugins/org.junit_4.12.0.v201504281640/junit.jar:/home/ayco/programs/eclipse-mars-jee/plugins/org.hamcrest.core_1.3.0.v201303031735.jar:/home/ayco/.m2/repository/junit/junit/4.10/junit-4.10.jar:/home/ayco/.m2/repository/org/hamcrest/hamcrest-core/1.1/hamcrest-core-1.1.jar:/home/ayco/.m2/repository/org/slf4j/slf4j-api/1.6.6/slf4j-api-1.6.6.jar:/home/ayco/.m2/repository/org/slf4j/slf4j-simple/1.6.6/slf4j-simple-1.6.6.jar:/home/ayco/.ivy2/cache/org.slf4j/slf4j-api/jars/slf4j-api-1.7.10.jar:/home/ayco/.ivy2/cache/ch.qos.logback/logback-classic/jars/logback-classic-1.1.2.jar:/home/ayco/.ivy2/cache/ch.qos.logback/logback-core/jars/logback-core-1.1.2.jar:/home/ayco/.ivy2/cache/javax.mail/mail/jars/mail-1.4.jar:/home/ayco/.ivy2/cache/javax.activation/activation/jars/activation-1.1.jar:/home/ayco/.ivy2/cache/org.codehaus.janino/janino/jars/janino-2.6.1.jar:/home/ayco/.ivy2/cache/org.codehaus.janino/commons-compiler/jars/commons-compiler-2.6.1.jar:/home/ayco/.ivy2/cache/org.codehaus.groovy/groovy-all/jars/groovy-all-2.0.7.jar:/home/ayco/.ivy2/cache/org.apache.geronimo.specs/geronimo-jms_1.1_spec/jars/geronimo-jms_1.1_spec-1.0.jar:/home/ayco/.ivy2/cache/javax.servlet/servlet-api/jars/servlet-api-2.5.jar:/home/ayco/.ivy2/cache/org.elasticsearch/elasticsearch/jars/elasticsearch-2.2.1.jar:/home/ayco/.ivy2/cache/org.apache.lucene/lucene-core/jars/lucene-core-5.4.1.jar:/home/ayco/.ivy2/cache/org.apache.lucene/lucene-backward-codecs/jars/lucene-backward-codecs-5.4.1.jar:/home/ayco/.ivy2/cache/org.apache.lucene/lucene-analyze
Launcher Type: SUN_STANDARD

Environment Variables:
PATH=/home/ayco/bin:/usr/local/sbin:/usr/local/bin:/usr/sbin:/usr/bin:/sbin:/bin
SHELL=/bin/bash
DISPLAY=:0

Signal Handlers:
SIGSEGV: [libjvm.so+0xaba2a0], sa_mask[0]=11111111011111111101111111111110, sa_flags=SA_RESTART|SA_SIGINFO
SIGBUS: [libjvm.so+0xaba2a0], sa_mask[0]=11111111011111111101111111111110, sa_flags=SA_RESTART|SA_SIGINFO
SIGFPE: [libjvm.so+0x917710], sa_mask[0]=11111111011111111101111111111110, sa_flags=SA_RESTART|SA_SIGINFO
SIGPIPE: [libjvm.so+0x917710], sa_mask[0]=11111111011111111101111111111110, sa_flags=SA_RESTART|SA_SIGINFO
SIGXFSZ: [libjvm.so+0x917710], sa_mask[0]=11111111011111111101111111111110, sa_flags=SA_RESTART|SA_SIGINFO
SIGILL: [libjvm.so+0x917710], sa_mask[0]=11111111011111111101111111111110, sa_flags=SA_RESTART|SA_SIGINFO
SIGUSR1: SIG_DFL, sa_mask[0]=00000000000000000000000000000000, sa_flags=none
SIGUSR2: [libjvm.so+0x918d40], sa_mask[0]=00100000000000000000000000000000, sa_flags=SA_RESTART|SA_SIGINFO
SIGHUP: [libjvm.so+0x91a140], sa_mask[0]=11111111011111111101111111111110, sa_flags=SA_RESTART|SA_SIGINFO
SIGINT: [libjvm.so+0x91a140], sa_mask[0]=11111111011111111101111111111110, sa_flags=SA_RESTART|SA_SIGINFO
SIGTERM: [libjvm.so+0x91a140], sa_mask[0]=11111111011111111101111111111110, sa_flags=SA_RESTART|SA_SIGINFO
SIGQUIT: [libjvm.so+0x91a140], sa_mask[0]=11111111011111111101111111111110, sa_flags=SA_RESTART|SA_SIGINFO


---------------  S Y S T E M  ---------------

OS:DISTRIB_ID=Ubuntu
DISTRIB_RELEASE=15.10
DISTRIB_CODENAME=wily
DISTRIB_DESCRIPTION="Ubuntu 15.10"

uname:Linux 4.2.0-34-generic #39-Ubuntu SMP Thu Mar 10 22:13:01 UTC 2016 x86_64
libc:glibc 2.21 NPTL 2.21 
rlimit: STACK 8192k, CORE 0k, NPROC 31626, NOFILE 65536, AS infinity
load average:1,29 0,85 0,72

/proc/meminfo:
MemTotal:        8130424 kB
MemFree:           50336 kB
MemAvailable:     236052 kB
Buffers:           24628 kB
Cached:           247024 kB
SwapCached:         1348 kB
Active:          5998392 kB
Inactive:        1734148 kB
Active(anon):    5917848 kB
Inactive(anon):  1648788 kB
Active(file):      80544 kB
Inactive(file):    85360 kB
Unevictable:         100 kB
Mlocked:             100 kB
SwapTotal:          9212 kB
SwapFree:              0 kB
Dirty:               192 kB
Writeback:             0 kB
AnonPages:       7459872 kB
Mapped:           280264 kB
Shmem:            105528 kB
Slab:             142520 kB
SReclaimable:      62268 kB
SUnreclaim:        80252 kB
KernelStack:       21392 kB
PageTables:        60864 kB
NFS_Unstable:          0 kB
Bounce:                0 kB
WritebackTmp:          0 kB
CommitLimit:     4074424 kB
Committed_AS:   13502744 kB
VmallocTotal:   34359738367 kB
VmallocUsed:      122124 kB
VmallocChunk:   34359535612 kB
HardwareCorrupted:     0 kB
AnonHugePages:   3305472 kB
CmaTotal:              0 kB
CmaFree:               0 kB
HugePages_Total:       0
HugePages_Free:        0
HugePages_Rsvd:        0
HugePages_Surp:        0
Hugepagesize:       2048 kB
DirectMap4k:     1834448 kB
DirectMap2M:     6510592 kB


CPU:total 8 (4 cores per cpu, 2 threads per core) family 6 model 42 stepping 7, cmov, cx8, fxsr, mmx, sse, sse2, sse3, ssse3, sse4.1, sse4.2, popcnt, avx, aes, clmul, ht, tsc, tscinvbit

/proc/cpuinfo:
processor	: 0
vendor_id	: GenuineIntel
cpu family	: 6
model		: 42
model name	: Intel(R) Core(TM) i7-2760QM CPU @ 2.40GHz
stepping	: 7
microcode	: 0x29
cpu MHz		: 2728.593
cache size	: 6144 KB
physical id	: 0
siblings	: 8
core id		: 0
cpu cores	: 4
apicid		: 0
initial apicid	: 0
fpu		: yes
fpu_exception	: yes
cpuid level	: 13
wp		: yes
flags		: fpu vme de pse tsc msr pae mce cx8 apic sep mtrr pge mca cmov pat pse36 clflush dts acpi mmx fxsr sse sse2 ss ht tm pbe syscall nx rdtscp lm constant_tsc arch_perfmon pebs bts rep_good nopl xtopology nonstop_tsc aperfmperf eagerfpu pni pclmulqdq dtes64 monitor ds_cpl vmx smx est tm2 ssse3 cx16 xtpr pdcm pcid sse4_1 sse4_2 x2apic popcnt tsc_deadline_timer aes xsave avx lahf_lm ida arat epb pln pts dtherm tpr_shadow vnmi flexpriority ept vpid xsaveopt
bugs		:
bogomips	: 4789.17
clflush size	: 64
cache_alignment	: 64
address sizes	: 36 bits physical, 48 bits virtual
power management:

processor	: 1
vendor_id	: GenuineIntel
cpu family	: 6
model		: 42
model name	: Intel(R) Core(TM) i7-2760QM CPU @ 2.40GHz
stepping	: 7
microcode	: 0x29
cpu MHz		: 3199.968
cache size	: 6144 KB
physical id	: 0
siblings	: 8
core id		: 1
cpu cores	: 4
apicid		: 2
initial apicid	: 2
fpu		: yes
fpu_exception	: yes
cpuid level	: 13
wp		: yes
flags		: fpu vme de pse tsc msr pae mce cx8 apic sep mtrr pge mca cmov pat pse36 clflush dts acpi mmx fxsr sse sse2 ss ht tm pbe syscall nx rdtscp lm constant_tsc arch_perfmon pebs bts rep_good nopl xtopology nonstop_tsc aperfmperf eagerfpu pni pclmulqdq dtes64 monitor ds_cpl vmx smx est tm2 ssse3 cx16 xtpr pdcm pcid sse4_1 sse4_2 x2apic popcnt tsc_deadline_timer aes xsave avx lahf_lm ida arat epb pln pts dtherm tpr_shadow vnmi flexpriority ept vpid xsaveopt
bugs		:
bogomips	: 4789.17
clflush size	: 64
cache_alignment	: 64
address sizes	: 36 bits physical, 48 bits virtual
power management:

processor	: 2
vendor_id	: GenuineIntel
cpu family	: 6
model		: 42
model name	: Intel(R) Core(TM) i7-2760QM CPU @ 2.40GHz
stepping	: 7
microcode	: 0x29
cpu MHz		: 2231.625
cache size	: 6144 KB
physical id	: 0
siblings	: 8
core id		: 2
cpu cores	: 4
apicid		: 4
initial apicid	: 4
fpu		: yes
fpu_exception	: yes
cpuid level	: 13
wp		: yes
flags		: fpu vme de pse tsc msr pae mce cx8 apic sep mtrr pge mca cmov pat pse36 clflush dts acpi mmx fxsr sse sse2 ss ht tm pbe syscall nx rdtscp lm constant_tsc arch_perfmon pebs bts rep_good nopl xtopology nonstop_tsc aperfmperf eagerfpu pni pclmulqdq dtes64 monitor ds_cpl vmx smx est tm2 ssse3 cx16 xtpr pdcm pcid sse4_1 sse4_2 x2apic popcnt tsc_deadline_timer aes xsave avx lahf_lm ida arat epb pln pts dtherm tpr_shadow vnmi flexpriority ept vpid xsaveopt
bugs		:
bogomips	: 4789.17
clflush size	: 64
cache_alignment	: 64
address sizes	: 36 bits physical, 48 bits virtual
power management:

processor	: 3
vendor_id	: GenuineIntel
cpu family	: 6
model		: 42
model name	: Intel(R) Core(TM) i7-2760QM CPU @ 2.40GHz
stepping	: 7
microcode	: 0x29
cpu MHz		: 3062.250
cache size	: 6144 KB
physical id	: 0
siblings	: 8
core id		: 3
cpu cores	: 4
apicid		: 6
initial apicid	: 6
fpu		: yes
fpu_exception	: yes
cpuid level	: 13
wp		: yes
flags		: fpu vme de pse tsc msr pae mce cx8 apic sep mtrr pge mca cmov pat pse36 clflush dts acpi mmx fxsr sse sse2 ss ht tm pbe syscall nx rdtscp lm constant_tsc arch_perfmon pebs bts rep_good nopl xtopology nonstop_tsc aperfmperf eagerfpu pni pclmulqdq dtes64 monitor ds_cpl vmx smx est tm2 ssse3 cx16 xtpr pdcm pcid sse4_1 sse4_2 x2apic popcnt tsc_deadline_timer aes xsave avx lahf_lm ida arat epb pln pts dtherm tpr_shadow vnmi flexpriority ept vpid xsaveopt
bugs		:
bogomips	: 4789.17
clflush size	: 64
cache_alignment	: 64
address sizes	: 36 bits physical, 48 bits virtual
power management:

processor	: 4
vendor_id	: GenuineIntel
cpu family	: 6
model		: 42
model name	: Intel(R) Core(TM) i7-2760QM CPU @ 2.40GHz
stepping	: 7
microcode	: 0x29
cpu MHz		: 3184.968
cache size	: 6144 KB
physical id	: 0
siblings	: 8
core id		: 0
cpu cores	: 4
apicid		: 1
initial apicid	: 1
fpu		: yes
fpu_exception	: yes
cpuid level	: 13
wp		: yes
flags		: fpu vme de pse tsc msr pae mce cx8 apic sep mtrr pge mca cmov pat pse36 clflush dts acpi mmx fxsr sse sse2 ss ht tm pbe syscall nx rdtscp lm constant_tsc arch_perfmon pebs bts rep_good nopl xtopology nonstop_tsc aperfmperf eagerfpu pni pclmulqdq dtes64 monitor ds_cpl vmx smx est tm2 ssse3 cx16 xtpr pdcm pcid sse4_1 sse4_2 x2apic popcnt tsc_deadline_timer aes xsave avx lahf_lm ida arat epb pln pts dtherm tpr_shadow vnmi flexpriority ept vpid xsaveopt
bugs		:
bogomips	: 4789.17
clflush size	: 64
cache_alignment	: 64
address sizes	: 36 bits physical, 48 bits virtual
power management:

processor	: 5
vendor_id	: GenuineIntel
cpu family	: 6
model		: 42
model name	: Intel(R) Core(TM) i7-2760QM CPU @ 2.40GHz
stepping	: 7
microcode	: 0x29
cpu MHz		: 2845.593
cache size	: 6144 KB
physical id	: 0
siblings	: 8
core id		: 1
cpu cores	: 4
apicid		: 3
initial apicid	: 3
fpu		: yes
fpu_exception	: yes
cpuid level	: 13
wp		: yes
flags		: fpu vme de pse tsc msr pae mce cx8 apic sep mtrr pge mca cmov pat pse36 clflush dts acpi mmx fxsr sse sse2 ss ht tm pbe syscall nx rdtscp lm constant_tsc arch_perfmon pebs bts rep_good nopl xtopology nonstop_tsc aperfmperf eagerfpu pni pclmulqdq dtes64 monitor ds_cpl vmx smx est tm2 ssse3 cx16 xtpr pdcm pcid sse4_1 sse4_2 x2apic popcnt tsc_deadline_timer aes xsave avx lahf_lm ida arat epb pln pts dtherm tpr_shadow vnmi flexpriority ept vpid xsaveopt
bugs		:
bogomips	: 4789.17
clflush size	: 64
cache_alignment	: 64
address sizes	: 36 bits physical, 48 bits virtual
power management:

processor	: 6
vendor_id	: GenuineIntel
cpu family	: 6
model		: 42
model name	: Intel(R) Core(TM) i7-2760QM CPU @ 2.40GHz
stepping	: 7
microcode	: 0x29
cpu MHz		: 3199.968
cache size	: 6144 KB
physical id	: 0
siblings	: 8
core id		: 2
cpu cores	: 4
apicid		: 5
initial apicid	: 5
fpu		: yes
fpu_exception	: yes
cpuid level	: 13
wp		: yes
flags		: fpu vme de pse tsc msr pae mce cx8 apic sep mtrr pge mca cmov pat pse36 clflush dts acpi mmx fxsr sse sse2 ss ht tm pbe syscall nx rdtscp lm constant_tsc arch_perfmon pebs bts rep_good nopl xtopology nonstop_tsc aperfmperf eagerfpu pni pclmulqdq dtes64 monitor ds_cpl vmx smx est tm2 ssse3 cx16 xtpr pdcm pcid sse4_1 sse4_2 x2apic popcnt tsc_deadline_timer aes xsave avx lahf_lm ida arat epb pln pts dtherm tpr_shadow vnmi flexpriority ept vpid xsaveopt
bugs		:
bogomips	: 4789.17
clflush size	: 64
cache_alignment	: 64
address sizes	: 36 bits physical, 48 bits virtual
power management:

processor	: 7
vendor_id	: GenuineIntel
cpu family	: 6
model		: 42
model name	: Intel(R) Core(TM) i7-2760QM CPU @ 2.40GHz
stepping	: 7
microcode	: 0x29
cpu MHz		: 3194.625
cache size	: 6144 KB
physical id	: 0
siblings	: 8
core id		: 3
cpu cores	: 4
apicid		: 7
initial apicid	: 7
fpu		: yes
fpu_exception	: yes
cpuid level	: 13
wp		: yes
flags		: fpu vme de pse tsc msr pae mce cx8 apic sep mtrr pge mca cmov pat pse36 clflush dts acpi mmx fxsr sse sse2 ss ht tm pbe syscall nx rdtscp lm constant_tsc arch_perfmon pebs bts rep_good nopl xtopology nonstop_tsc aperfmperf eagerfpu pni pclmulqdq dtes64 monitor ds_cpl vmx smx est tm2 ssse3 cx16 xtpr pdcm pcid sse4_1 sse4_2 x2apic popcnt tsc_deadline_timer aes xsave avx lahf_lm ida arat epb pln pts dtherm tpr_shadow vnmi flexpriority ept vpid xsaveopt
bugs		:
bogomips	: 4789.17
clflush size	: 64
cache_alignment	: 64
address sizes	: 36 bits physical, 48 bits virtual
power management:



Memory: 4k page, physical 8130424k(50336k free), swap 9212k(0k free)

vm_info: Java HotSpot(TM) 64-Bit Server VM (25.66-b17) for linux-amd64 JRE (1.8.0_66-b17), built on Oct  6 2015 17:28:34 by "java_re" with gcc 4.3.0 20080428 (Red Hat 4.3.0-8)

time: Wed Mar 30 13:21:32 2016
elapsed time: 13 seconds (0d 0h 0m 13s)

